C:\lscc\diamond\3.9_x64\synpbase\bin64\c_hdl.exe  -osyn  C:\Users\SEC29\Desktop\i2s_iot\impl1\synwork\i2s_small_impl1_comp.srs  -top  top  -hdllog  C:\Users\SEC29\Desktop\i2s_iot\impl1\synlog\i2s_small_impl1_compiler.srr  -encrypt  -mp  4  -verification_mode 0  -verilog  -prodtype  synplify_pro  -dspmac -fixsmult -infer_seqShift -nram -sdff_counter -divnmod -nostructver   -I C:\Users\SEC29\Desktop\i2s_iot  -I C:\Users\SEC29\Desktop\i2s_iot\impl1\  -I C:\lscc\diamond\3.9_x64\synpbase\lib   -v2001  -devicelib  C:\lscc\diamond\3.9_x64\synpbase\lib\lucent\machxo3l.v  -devicelib  C:\lscc\diamond\3.9_x64\synpbase\lib\lucent\pmi_def.v  -encrypt  -pro  -dmgen  C:\Users\SEC29\Desktop\i2s_iot\impl1\dm  -ui -fid2 -ram -sharing on -ll 2000 -autosm  -D_MULTIPLE_FILE_COMPILATION_UNIT_  -lib work C:\Users\SEC29\Desktop\i2s_iot\RD1171\source\Verilog\I2S_Controller.v -lib work C:\Users\SEC29\Desktop\i2s_iot\RD1171\source\Verilog\i2s_rx.v -lib work C:\Users\SEC29\Desktop\i2s_iot\pll1.v -lib work C:\Users\SEC29\Desktop\i2s_iot\top.v -lib work C:\Users\SEC29\Desktop\i2s_iot\fifo_left.v -lib work C:\Users\SEC29\Desktop\i2s_iot\fifo_right.v -lib work C:\Users\SEC29\Desktop\i2s_iot\zcr.v -lib work C:\Users\SEC29\Desktop\i2s_iot\squares.v -lib work C:\Users\SEC29\Desktop\i2s_iot\ste.v -lib work C:\Users\SEC29\Desktop\i2s_iot\submean2.v -lib work C:\Users\SEC29\Desktop\i2s_iot\fifo_submean.v -lib work C:\Users\SEC29\Desktop\i2s_iot\rising_edge_det.v -lib work C:\Users\SEC29\Desktop\i2s_iot\clkdiv.v -lib work C:\Users\SEC29\Desktop\i2s_iot\char_cntrl.v 
rc:0 success:1 runtime:2
file:C:\Users\SEC29\Desktop\i2s_iot\impl1\synwork\i2s_small_impl1_comp.srs|io:o|time:1490558055|size:30561|exec:0
file:C:\Users\SEC29\Desktop\i2s_iot\impl1\synlog\i2s_small_impl1_compiler.srr|io:o|time:1490558055|size:37381|exec:0
file:C:\lscc\diamond\3.9_x64\synpbase\lib\lucent\machxo3l.v|io:i|time:1481007224|size:53334|exec:0
file:C:\lscc\diamond\3.9_x64\synpbase\lib\lucent\pmi_def.v|io:i|time:1481007224|size:40584|exec:0
file:C:\Users\SEC29\Desktop\i2s_iot\RD1171\source\Verilog\I2S_Controller.v|io:i|time:1489377888|size:2094|exec:0
file:C:\Users\SEC29\Desktop\i2s_iot\RD1171\source\Verilog\i2s_rx.v|io:i|time:1488396134|size:5901|exec:0
file:C:\Users\SEC29\Desktop\i2s_iot\pll1.v|io:i|time:1490552203|size:4878|exec:0
file:C:\Users\SEC29\Desktop\i2s_iot\top.v|io:i|time:1490557469|size:4734|exec:0
file:C:\Users\SEC29\Desktop\i2s_iot\fifo_left.v|io:i|time:1490123079|size:26549|exec:0
file:C:\Users\SEC29\Desktop\i2s_iot\fifo_right.v|io:i|time:1488845685|size:4332|exec:0
file:C:\Users\SEC29\Desktop\i2s_iot\zcr.v|io:i|time:1489084435|size:1438|exec:0
file:C:\Users\SEC29\Desktop\i2s_iot\squares.v|io:i|time:1488559242|size:7863|exec:0
file:C:\Users\SEC29\Desktop\i2s_iot\ste.v|io:i|time:1490207018|size:1196|exec:0
file:C:\Users\SEC29\Desktop\i2s_iot\submean2.v|io:i|time:1489085749|size:1056|exec:0
file:C:\Users\SEC29\Desktop\i2s_iot\fifo_submean.v|io:i|time:1490209208|size:2817|exec:0
file:C:\Users\SEC29\Desktop\i2s_iot\rising_edge_det.v|io:i|time:1488843971|size:311|exec:0
file:C:\Users\SEC29\Desktop\i2s_iot\clkdiv.v|io:i|time:1488949174|size:548|exec:0
file:C:\Users\SEC29\Desktop\i2s_iot\char_cntrl.v|io:i|time:1489017969|size:861|exec:0
file:C:\lscc\diamond\3.9_x64\synpbase\bin\c_hdl.exe|io:i|time:1481009702|size:1338368|exec:1
file:C:\lscc\diamond\3.9_x64\synpbase\bin64\c_hdl.exe|io:i|time:1481009906|size:1754112|exec:1
