
synthesis -f "i2s_small_impl1_lattice.synproj"
synthesis:  version Diamond (64-bit) 3.9.0.99.2

Copyright (c) 1991-1994 by NeoCAD Inc. All rights reserved.
Copyright (c) 1995 AT&T Corp.   All rights reserved.
Copyright (c) 1995-2001 Lucent Technologies Inc.  All rights reserved.
Copyright (c) 2001 Agere Systems   All rights reserved.
Copyright (c) 2002-2017 Lattice Semiconductor Corporation,  All rights reserved.
Mon Apr 10 03:00:18 2017


Command Line:  synthesis -f i2s_small_impl1_lattice.synproj -gui -msgset C:/Users/SEC29/Desktop/i2s_iot/promote.xml 

    <postMsg mid="35002000" type="Info"    dynamic="0" navigation="0"  />
Synthesis options:
The -a option is MachXO3L.
The -s option is 5.
The -t option is CABGA256.
The -d option is LCMXO3L-6900C.
Using package CABGA256.
Using performance grade 5.
                                                          

##########################################################

### Lattice Family : MachXO3L

### Device  : LCMXO3L-6900C

### Package : CABGA256

### Speed   : 5

##########################################################

                                                          

    <postMsg mid="35001781" type="Info"    dynamic="0" navigation="0"  />
Optimization goal = Area
Top-level module name = top.
Target frequency = 1.000000 MHz.
Maximum fanout = 1000.
Timing path count = 3 (default)
BRAM utilization = 100.000000 %
DSP usage = true
DSP utilization = 100.000000 %
fsm_encoding_style = auto
resolve_mixed_drivers = 0
fix_gated_clocks = 1

Mux style = Auto
Use Carry Chain = true
carry_chain_length = 0
Loop Limit = 1950.
Use IO Insertion = TRUE
Use IO Reg = TRUE
Resource Sharing = TRUE
Propagate Constants = TRUE
Remove Duplicate Registers = TRUE
force_gsr = no
ROM style = auto
RAM style = auto
The -comp option is FALSE.
The -syn option is FALSE.
-p C:/Users/SEC29/Desktop/i2s_iot (searchpath added)
-p C:/lscc/diamond/3.9_x64/ispfpga/xo3c00a/data (searchpath added)
-p C:/Users/SEC29/Desktop/i2s_iot/impl1 (searchpath added)
-p C:/Users/SEC29/Desktop/i2s_iot (searchpath added)
Mixed language design
Verilog design file = C:/Users/SEC29/Desktop/i2s_iot/RD1171/source/Verilog/I2S_Controller.v
Verilog design file = C:/Users/SEC29/Desktop/i2s_iot/RD1171/source/Verilog/i2s_rx.v
Verilog design file = C:/Users/SEC29/Desktop/i2s_iot/pll1.v
Verilog design file = C:/Users/SEC29/Desktop/i2s_iot/top.v
Verilog design file = C:/Users/SEC29/Desktop/i2s_iot/fifo_left.v
Verilog design file = C:/Users/SEC29/Desktop/i2s_iot/fifo_right.v
Verilog design file = C:/Users/SEC29/Desktop/i2s_iot/zcr.v
Verilog design file = C:/Users/SEC29/Desktop/i2s_iot/squares.v
Verilog design file = C:/Users/SEC29/Desktop/i2s_iot/ste.v
Verilog design file = C:/Users/SEC29/Desktop/i2s_iot/submean2.v
Verilog design file = C:/Users/SEC29/Desktop/i2s_iot/fifo_submean.v
Verilog design file = C:/Users/SEC29/Desktop/i2s_iot/rising_edge_det.v
Verilog design file = C:/Users/SEC29/Desktop/i2s_iot/clkdiv.v
Verilog design file = C:/Users/SEC29/Desktop/i2s_iot/char_cntrl.v
Verilog design file = C:/Users/SEC29/Desktop/i2s_iot/pll2.v
Verilog design file = C:/Users/SEC29/Desktop/i2s_iot/clasification.v
Verilog design file = C:/Users/SEC29/Desktop/i2s_iot/i2c_top.v
Verilog design file = C:/Users/SEC29/Desktop/i2s_iot/beamforming.v
Verilog design file = C:/Users/SEC29/Desktop/i2s_iot/fifo_horizontal.v
VHDL library = work
VHDL design file = C:/Users/SEC29/Desktop/i2s_iot/i2c_arb_blk.vhd
VHDL design file = C:/Users/SEC29/Desktop/i2s_iot/i2c_clk_blk.vhd
VHDL design file = C:/Users/SEC29/Desktop/i2s_iot/i2c_cnt_blk.vhd
VHDL design file = C:/Users/SEC29/Desktop/i2s_iot/i2c_int_blk.vhd
VHDL design file = C:/Users/SEC29/Desktop/i2s_iot/i2c_main_blk.vhd
VHDL design file = C:/Users/SEC29/Desktop/i2s_iot/i2c_mpu_blk.vhd
VHDL design file = C:/Users/SEC29/Desktop/i2s_iot/i2c_ss_blk.vhd
VHDL design file = C:/Users/SEC29/Desktop/i2s_iot/i2c_sync_blk.vhd
NGD file = i2s_small_impl1.ngd
-sdc option: SDC file input is C:/Users/SEC29/Desktop/i2s_iot/i2c_mpu_blk.ldc.
-lpf option: Output file option is ON.
Hardtimer checking is enabled (default). The -dt option is not used.
The -r option is OFF. [ Remove LOC Properties is OFF. ]
Technology check ok...

Analyzing Verilog file C:/lscc/diamond/3.9_x64/ispfpga/userware/NT/SYNTHESIS_HEADERS/machxo3l.v. VERI-1482
Compile design.
Compile Design Begin
Analyzing Verilog file c:/users/sec29/desktop/i2s_iot/rd1171/source/verilog/i2s_controller.v. VERI-1482
Analyzing Verilog file c:/users/sec29/desktop/i2s_iot/rd1171/source/verilog/i2s_rx.v. VERI-1482
Analyzing Verilog file c:/users/sec29/desktop/i2s_iot/pll1.v. VERI-1482
Analyzing Verilog file c:/users/sec29/desktop/i2s_iot/top.v. VERI-1482
Analyzing Verilog file c:/users/sec29/desktop/i2s_iot/fifo_left.v. VERI-1482
Analyzing Verilog file c:/users/sec29/desktop/i2s_iot/fifo_right.v. VERI-1482
Analyzing Verilog file c:/users/sec29/desktop/i2s_iot/zcr.v. VERI-1482
Analyzing Verilog file c:/users/sec29/desktop/i2s_iot/squares.v. VERI-1482
Analyzing Verilog file c:/users/sec29/desktop/i2s_iot/ste.v. VERI-1482
Analyzing Verilog file c:/users/sec29/desktop/i2s_iot/submean2.v. VERI-1482
Analyzing Verilog file c:/users/sec29/desktop/i2s_iot/fifo_submean.v. VERI-1482
Analyzing Verilog file c:/users/sec29/desktop/i2s_iot/rising_edge_det.v. VERI-1482
Analyzing Verilog file c:/users/sec29/desktop/i2s_iot/clkdiv.v. VERI-1482
Analyzing Verilog file c:/users/sec29/desktop/i2s_iot/char_cntrl.v. VERI-1482
Analyzing Verilog file c:/users/sec29/desktop/i2s_iot/pll2.v. VERI-1482
Analyzing Verilog file c:/users/sec29/desktop/i2s_iot/clasification.v. VERI-1482
Analyzing Verilog file c:/users/sec29/desktop/i2s_iot/i2c_top.v. VERI-1482
Analyzing Verilog file c:/users/sec29/desktop/i2s_iot/beamforming.v. VERI-1482
Analyzing Verilog file c:/users/sec29/desktop/i2s_iot/fifo_horizontal.v. VERI-1482
Analyzing VHDL file c:/users/sec29/desktop/i2s_iot/i2c_arb_blk.vhd. VHDL-1481
    <postMsg mid="35921012" type="Info"    dynamic="2" navigation="2" arg0="c:/users/sec29/desktop/i2s_iot/i2c_arb_blk.vhd(54): " arg1="arbitrator" arg2="c:/users/sec29/desktop/i2s_iot/i2c_arb_blk.vhd" arg3="54"  />
    <postMsg mid="35921010" type="Info"    dynamic="2" navigation="2" arg0="c:/users/sec29/desktop/i2s_iot/i2c_arb_blk.vhd(67): " arg1="arch_behave" arg2="c:/users/sec29/desktop/i2s_iot/i2c_arb_blk.vhd" arg3="67"  />
unit top is not yet analyzed. VHDL-1485
Analyzing VHDL file c:/users/sec29/desktop/i2s_iot/i2c_clk_blk.vhd. VHDL-1481
    <postMsg mid="35921012" type="Info"    dynamic="2" navigation="2" arg0="c:/users/sec29/desktop/i2s_iot/i2c_clk_blk.vhd(54): " arg1="i2c_clock_generator" arg2="c:/users/sec29/desktop/i2s_iot/i2c_clk_blk.vhd" arg3="54"  />
    <postMsg mid="35921010" type="Info"    dynamic="2" navigation="2" arg0="c:/users/sec29/desktop/i2s_iot/i2c_clk_blk.vhd(67): " arg1="clk_gen_behave" arg2="c:/users/sec29/desktop/i2s_iot/i2c_clk_blk.vhd" arg3="67"  />
unit top is not yet analyzed. VHDL-1485
Analyzing VHDL file c:/users/sec29/desktop/i2s_iot/i2c_cnt_blk.vhd. VHDL-1481
    <postMsg mid="35921012" type="Info"    dynamic="2" navigation="2" arg0="c:/users/sec29/desktop/i2s_iot/i2c_cnt_blk.vhd(57): " arg1="counter_block" arg2="c:/users/sec29/desktop/i2s_iot/i2c_cnt_blk.vhd" arg3="57"  />
    <postMsg mid="35921010" type="Info"    dynamic="2" navigation="2" arg0="c:/users/sec29/desktop/i2s_iot/i2c_cnt_blk.vhd(71): " arg1="count_behave" arg2="c:/users/sec29/desktop/i2s_iot/i2c_cnt_blk.vhd" arg3="71"  />
unit top is not yet analyzed. VHDL-1485
Analyzing VHDL file c:/users/sec29/desktop/i2s_iot/i2c_int_blk.vhd. VHDL-1481
    <postMsg mid="35921012" type="Info"    dynamic="2" navigation="2" arg0="c:/users/sec29/desktop/i2s_iot/i2c_int_blk.vhd(52): " arg1="int_ctrl_block" arg2="c:/users/sec29/desktop/i2s_iot/i2c_int_blk.vhd" arg3="52"  />
    <postMsg mid="35921010" type="Info"    dynamic="2" navigation="2" arg0="c:/users/sec29/desktop/i2s_iot/i2c_int_blk.vhd(66): " arg1="int_behave" arg2="c:/users/sec29/desktop/i2s_iot/i2c_int_blk.vhd" arg3="66"  />
unit top is not yet analyzed. VHDL-1485
Analyzing VHDL file c:/users/sec29/desktop/i2s_iot/i2c_main_blk.vhd. VHDL-1481
    <postMsg mid="35921012" type="Info"    dynamic="2" navigation="2" arg0="c:/users/sec29/desktop/i2s_iot/i2c_main_blk.vhd(56): " arg1="i2c_main" arg2="c:/users/sec29/desktop/i2s_iot/i2c_main_blk.vhd" arg3="56"  />
    <postMsg mid="35921010" type="Info"    dynamic="2" navigation="2" arg0="c:/users/sec29/desktop/i2s_iot/i2c_main_blk.vhd(90): " arg1="i2c_main_behave" arg2="c:/users/sec29/desktop/i2s_iot/i2c_main_blk.vhd" arg3="90"  />
unit top is not yet analyzed. VHDL-1485
Analyzing VHDL file c:/users/sec29/desktop/i2s_iot/i2c_mpu_blk.vhd. VHDL-1481
    <postMsg mid="35921012" type="Info"    dynamic="2" navigation="2" arg0="c:/users/sec29/desktop/i2s_iot/i2c_mpu_blk.vhd(55): " arg1="mpu_to_i2c" arg2="c:/users/sec29/desktop/i2s_iot/i2c_mpu_blk.vhd" arg3="55"  />
    <postMsg mid="35921010" type="Info"    dynamic="2" navigation="2" arg0="c:/users/sec29/desktop/i2s_iot/i2c_mpu_blk.vhd(83): " arg1="mpu_to_i2c_behave" arg2="c:/users/sec29/desktop/i2s_iot/i2c_mpu_blk.vhd" arg3="83"  />
unit top is not yet analyzed. VHDL-1485
Analyzing VHDL file c:/users/sec29/desktop/i2s_iot/i2c_ss_blk.vhd. VHDL-1481
    <postMsg mid="35921012" type="Info"    dynamic="2" navigation="2" arg0="c:/users/sec29/desktop/i2s_iot/i2c_ss_blk.vhd(54): " arg1="start_generator" arg2="c:/users/sec29/desktop/i2s_iot/i2c_ss_blk.vhd" arg3="54"  />
    <postMsg mid="35921010" type="Info"    dynamic="2" navigation="2" arg0="c:/users/sec29/desktop/i2s_iot/i2c_ss_blk.vhd(64): " arg1="start_behave" arg2="c:/users/sec29/desktop/i2s_iot/i2c_ss_blk.vhd" arg3="64"  />
    <postMsg mid="35921012" type="Info"    dynamic="2" navigation="2" arg0="c:/users/sec29/desktop/i2s_iot/i2c_ss_blk.vhd(138): " arg1="start_detect" arg2="c:/users/sec29/desktop/i2s_iot/i2c_ss_blk.vhd" arg3="138"  />
    <postMsg mid="35921010" type="Info"    dynamic="2" navigation="2" arg0="c:/users/sec29/desktop/i2s_iot/i2c_ss_blk.vhd(147): " arg1="start_det_behave" arg2="c:/users/sec29/desktop/i2s_iot/i2c_ss_blk.vhd" arg3="147"  />
    <postMsg mid="35921012" type="Info"    dynamic="2" navigation="2" arg0="c:/users/sec29/desktop/i2s_iot/i2c_ss_blk.vhd(213): " arg1="stop_generator" arg2="c:/users/sec29/desktop/i2s_iot/i2c_ss_blk.vhd" arg3="213"  />
    <postMsg mid="35921010" type="Info"    dynamic="2" navigation="2" arg0="c:/users/sec29/desktop/i2s_iot/i2c_ss_blk.vhd(223): " arg1="stop_behave" arg2="c:/users/sec29/desktop/i2s_iot/i2c_ss_blk.vhd" arg3="223"  />
    <postMsg mid="35921012" type="Info"    dynamic="2" navigation="2" arg0="c:/users/sec29/desktop/i2s_iot/i2c_ss_blk.vhd(297): " arg1="stop_detect" arg2="c:/users/sec29/desktop/i2s_iot/i2c_ss_blk.vhd" arg3="297"  />
    <postMsg mid="35921010" type="Info"    dynamic="2" navigation="2" arg0="c:/users/sec29/desktop/i2s_iot/i2c_ss_blk.vhd(306): " arg1="stop_det_behave" arg2="c:/users/sec29/desktop/i2s_iot/i2c_ss_blk.vhd" arg3="306"  />
unit top is not yet analyzed. VHDL-1485
Analyzing VHDL file c:/users/sec29/desktop/i2s_iot/i2c_sync_blk.vhd. VHDL-1481
    <postMsg mid="35921012" type="Info"    dynamic="2" navigation="2" arg0="c:/users/sec29/desktop/i2s_iot/i2c_sync_blk.vhd(62): " arg1="synch_block" arg2="c:/users/sec29/desktop/i2s_iot/i2c_sync_blk.vhd" arg3="62"  />
    <postMsg mid="35921010" type="Info"    dynamic="2" navigation="2" arg0="c:/users/sec29/desktop/i2s_iot/i2c_sync_blk.vhd(71): " arg1="synch_behave" arg2="c:/users/sec29/desktop/i2s_iot/i2c_sync_blk.vhd" arg3="71"  />
unit top is not yet analyzed. VHDL-1485
    <postMsg mid="35921504" type="Info"    dynamic="2" navigation="0" arg0="" arg1="C:/Users/SEC29/Desktop/i2s_iot/impl1"  />
Top module language type = Verilog.
Top module name (Verilog, mixed language): top
    <postMsg mid="35901018" type="Info"    dynamic="2" navigation="2" arg0="c:/users/sec29/desktop/i2s_iot/top.v(1): " arg1="top" arg2="c:/users/sec29/desktop/i2s_iot/top.v" arg3="1"  />
    <postMsg mid="35901136" type="Warning" dynamic="2" navigation="2" arg0="c:/users/sec29/desktop/i2s_iot/top.v(40): " arg1="horizontal_out" arg2="c:/users/sec29/desktop/i2s_iot/top.v" arg3="40"  />
    <postMsg mid="35901018" type="Info"    dynamic="2" navigation="2" arg0="c:/users/sec29/desktop/i2s_iot/rd1171/source/verilog/i2s_controller.v(1): " arg1="I2S_Controller" arg2="c:/users/sec29/desktop/i2s_iot/rd1171/source/verilog/i2s_controller.v" arg3="1"  />
    <postMsg mid="35901209" type="Warning" dynamic="3" navigation="2" arg0="c:/users/sec29/desktop/i2s_iot/rd1171/source/verilog/i2s_controller.v(58): " arg1="32" arg2="5" arg3="c:/users/sec29/desktop/i2s_iot/rd1171/source/verilog/i2s_controller.v" arg4="58"  />
    <postMsg mid="35901018" type="Info"    dynamic="2" navigation="2" arg0="c:/users/sec29/desktop/i2s_iot/rd1171/source/verilog/i2s_rx.v(9): " arg1="i2s_rx(DATA_WIDTH=32)" arg2="c:/users/sec29/desktop/i2s_iot/rd1171/source/verilog/i2s_rx.v" arg3="9"  />
    <postMsg mid="35901018" type="Info"    dynamic="2" navigation="2" arg0="C:/lscc/diamond/3.9_x64/ispfpga/userware/NT/SYNTHESIS_HEADERS/machxo2.v(1793): " arg1="OSCH(NOM_FREQ=&quot;16.63&quot;)" arg2="C:/lscc/diamond/3.9_x64/ispfpga/userware/NT/SYNTHESIS_HEADERS/machxo2.v" arg3="1793"  />
    <postMsg mid="35901018" type="Info"    dynamic="2" navigation="2" arg0="c:/users/sec29/desktop/i2s_iot/pll1.v(8): " arg1="pll1" arg2="c:/users/sec29/desktop/i2s_iot/pll1.v" arg3="8"  />
    <postMsg mid="35901018" type="Info"    dynamic="2" navigation="2" arg0="C:/lscc/diamond/3.9_x64/ispfpga/userware/NT/SYNTHESIS_HEADERS/machxo2.v(1124): " arg1="VLO" arg2="C:/lscc/diamond/3.9_x64/ispfpga/userware/NT/SYNTHESIS_HEADERS/machxo2.v" arg3="1124"  />
    <postMsg mid="35901018" type="Info"    dynamic="2" navigation="2" arg0="C:/lscc/diamond/3.9_x64/ispfpga/userware/NT/SYNTHESIS_HEADERS/machxo2.v(1730): " arg1="EHXPLLJ(CLKFB_DIV=2,CLKOP_DIV=13,CLKOS_DIV=104,CLKOS2_DIV=1,CLKOS3_DIV=1,CLKOS3_ENABLE=&quot;DISABLED&quot;,CLKOP_CPHASE=12,CLKOS_CPHASE=103,PLLRST_ENA=&quot;ENABLED&quot;)" arg2="C:/lscc/diamond/3.9_x64/ispfpga/userware/NT/SYNTHESIS_HEADERS/machxo2.v" arg3="1730"  />
    <postMsg mid="35901018" type="Info"    dynamic="2" navigation="2" arg0="c:/users/sec29/desktop/i2s_iot/clkdiv.v(1): " arg1="clk_div" arg2="c:/users/sec29/desktop/i2s_iot/clkdiv.v" arg3="1"  />
    <postMsg mid="35901209" type="Warning" dynamic="3" navigation="2" arg0="c:/users/sec29/desktop/i2s_iot/clkdiv.v(35): " arg1="32" arg2="3" arg3="c:/users/sec29/desktop/i2s_iot/clkdiv.v" arg4="35"  />
    <postMsg mid="35901018" type="Info"    dynamic="2" navigation="2" arg0="c:/users/sec29/desktop/i2s_iot/pll2.v(8): " arg1="pll2" arg2="c:/users/sec29/desktop/i2s_iot/pll2.v" arg3="8"  />
    <postMsg mid="35901018" type="Info"    dynamic="2" navigation="2" arg0="C:/lscc/diamond/3.9_x64/ispfpga/userware/NT/SYNTHESIS_HEADERS/machxo2.v(1730): " arg1="EHXPLLJ(CLKFB_DIV=2,CLKOP_DIV=16,CLKOS_DIV=96,CLKOS2_DIV=1,CLKOS3_DIV=1,CLKOS2_ENABLE=&quot;DISABLED&quot;,CLKOS3_ENABLE=&quot;DISABLED&quot;,CLKOP_CPHASE=15,CLKOS_CPHASE=95,PLLRST_ENA=&quot;ENABLED&quot;)" arg2="C:/lscc/diamond/3.9_x64/ispfpga/userware/NT/SYNTHESIS_HEADERS/machxo2.v" arg3="1730"  />
    <postMsg mid="35901018" type="Info"    dynamic="2" navigation="2" arg0="c:/users/sec29/desktop/i2s_iot/fifo_horizontal.v(8): " arg1="fifo_horizontal" arg2="c:/users/sec29/desktop/i2s_iot/fifo_horizontal.v" arg3="8"  />
    <postMsg mid="35901018" type="Info"    dynamic="2" navigation="2" arg0="C:/lscc/diamond/3.9_x64/ispfpga/userware/NT/SYNTHESIS_HEADERS/machxo2.v(1120): " arg1="VHI" arg2="C:/lscc/diamond/3.9_x64/ispfpga/userware/NT/SYNTHESIS_HEADERS/machxo2.v" arg3="1120"  />
    <postMsg mid="35901018" type="Info"    dynamic="2" navigation="2" arg0="C:/lscc/diamond/3.9_x64/ispfpga/userware/NT/SYNTHESIS_HEADERS/machxo2.v(1482): " arg1="FIFO8KB_renamed_due_excessive_length_1" arg2="C:/lscc/diamond/3.9_x64/ispfpga/userware/NT/SYNTHESIS_HEADERS/machxo2.v" arg3="1482"  />
    <postMsg mid="35901330" type="Warning" dynamic="4" navigation="2" arg0="c:/users/sec29/desktop/i2s_iot/top.v(121): " arg1="17" arg2="16" arg3="Data" arg4="c:/users/sec29/desktop/i2s_iot/top.v" arg5="121"  />
    <postMsg mid="35901330" type="Warning" dynamic="4" navigation="2" arg0="c:/users/sec29/desktop/i2s_iot/top.v(121): " arg1="32" arg2="1" arg3="RdEn" arg4="c:/users/sec29/desktop/i2s_iot/top.v" arg5="121"  />
    <postMsg mid="35901018" type="Info"    dynamic="2" navigation="2" arg0="c:/users/sec29/desktop/i2s_iot/fifo_right.v(8): " arg1="fifo_right" arg2="c:/users/sec29/desktop/i2s_iot/fifo_right.v" arg3="8"  />
    <postMsg mid="35901018" type="Info"    dynamic="2" navigation="2" arg0="C:/lscc/diamond/3.9_x64/ispfpga/userware/NT/SYNTHESIS_HEADERS/machxo2.v(1482): " arg1="FIFO8KB_renamed_due_excessive_length_2" arg2="C:/lscc/diamond/3.9_x64/ispfpga/userware/NT/SYNTHESIS_HEADERS/machxo2.v" arg3="1482"  />
    <postMsg mid="35901330" type="Warning" dynamic="4" navigation="2" arg0="c:/users/sec29/desktop/i2s_iot/top.v(127): " arg1="17" arg2="16" arg3="Data" arg4="c:/users/sec29/desktop/i2s_iot/top.v" arg5="127"  />
    <postMsg mid="35901330" type="Warning" dynamic="4" navigation="2" arg0="c:/users/sec29/desktop/i2s_iot/top.v(127): " arg1="32" arg2="1" arg3="RdEn" arg4="c:/users/sec29/desktop/i2s_iot/top.v" arg5="127"  />
    <postMsg mid="35901330" type="Warning" dynamic="4" navigation="2" arg0="c:/users/sec29/desktop/i2s_iot/top.v(128): " arg1="32" arg2="16" arg3="Q" arg4="c:/users/sec29/desktop/i2s_iot/top.v" arg5="128"  />
    <postMsg mid="35901018" type="Info"    dynamic="2" navigation="2" arg0="c:/users/sec29/desktop/i2s_iot/fifo_left.v(8): " arg1="fifo_left" arg2="c:/users/sec29/desktop/i2s_iot/fifo_left.v" arg3="8"  />
    <postMsg mid="35901018" type="Info"    dynamic="2" navigation="2" arg0="C:/lscc/diamond/3.9_x64/ispfpga/userware/NT/SYNTHESIS_HEADERS/machxo2.v(1482): " arg1="FIFO8KB_renamed_due_excessive_length_3" arg2="C:/lscc/diamond/3.9_x64/ispfpga/userware/NT/SYNTHESIS_HEADERS/machxo2.v" arg3="1482"  />
    <postMsg mid="35901330" type="Warning" dynamic="4" navigation="2" arg0="c:/users/sec29/desktop/i2s_iot/top.v(130): " arg1="17" arg2="16" arg3="Data" arg4="c:/users/sec29/desktop/i2s_iot/top.v" arg5="130"  />
    <postMsg mid="35901330" type="Warning" dynamic="4" navigation="2" arg0="c:/users/sec29/desktop/i2s_iot/top.v(130): " arg1="32" arg2="1" arg3="RdEn" arg4="c:/users/sec29/desktop/i2s_iot/top.v" arg5="130"  />
    <postMsg mid="35901330" type="Warning" dynamic="4" navigation="2" arg0="c:/users/sec29/desktop/i2s_iot/top.v(131): " arg1="32" arg2="16" arg3="Q" arg4="c:/users/sec29/desktop/i2s_iot/top.v" arg5="131"  />
    <postMsg mid="35901018" type="Info"    dynamic="2" navigation="2" arg0="c:/users/sec29/desktop/i2s_iot/zcr.v(1): " arg1="zcr" arg2="c:/users/sec29/desktop/i2s_iot/zcr.v" arg3="1"  />
    <postMsg mid="35901209" type="Warning" dynamic="3" navigation="2" arg0="c:/users/sec29/desktop/i2s_iot/zcr.v(37): " arg1="32" arg2="7" arg3="c:/users/sec29/desktop/i2s_iot/zcr.v" arg4="37"  />
    <postMsg mid="35901209" type="Warning" dynamic="3" navigation="2" arg0="c:/users/sec29/desktop/i2s_iot/zcr.v(70): " arg1="32" arg2="6" arg3="c:/users/sec29/desktop/i2s_iot/zcr.v" arg4="70"  />
    <postMsg mid="35901018" type="Info"    dynamic="2" navigation="2" arg0="c:/users/sec29/desktop/i2s_iot/ste.v(1): " arg1="ste" arg2="c:/users/sec29/desktop/i2s_iot/ste.v" arg3="1"  />
    <postMsg mid="35901209" type="Warning" dynamic="3" navigation="2" arg0="c:/users/sec29/desktop/i2s_iot/ste.v(34): " arg1="32" arg2="7" arg3="c:/users/sec29/desktop/i2s_iot/ste.v" arg4="34"  />
    <postMsg mid="35901018" type="Info"    dynamic="2" navigation="2" arg0="c:/users/sec29/desktop/i2s_iot/squares.v(8): " arg1="squares" arg2="c:/users/sec29/desktop/i2s_iot/squares.v" arg3="8"  />
    <postMsg mid="35901018" type="Info"    dynamic="2" navigation="2" arg0="C:/lscc/diamond/3.9_x64/ispfpga/userware/NT/SYNTHESIS_HEADERS/machxo2.v(187): " arg1="FD1P3DX" arg2="C:/lscc/diamond/3.9_x64/ispfpga/userware/NT/SYNTHESIS_HEADERS/machxo2.v" arg3="187"  />
    <postMsg mid="35901018" type="Info"    dynamic="2" navigation="2" arg0="C:/lscc/diamond/3.9_x64/ispfpga/userware/NT/SYNTHESIS_HEADERS/machxo2.v(1037): " arg1="ROM128X1A(initval=128&apos;b10000000000000000000000000000000000000000000000000000000000000000000000000000000000000000000000000000000000000000000000000000000)" arg2="C:/lscc/diamond/3.9_x64/ispfpga/userware/NT/SYNTHESIS_HEADERS/machxo2.v" arg3="1037"  />
    <postMsg mid="35901018" type="Info"    dynamic="2" navigation="2" arg0="C:/lscc/diamond/3.9_x64/ispfpga/userware/NT/SYNTHESIS_HEADERS/machxo2.v(1037): " arg1="ROM128X1A(initval=128&apos;b01111111111111111111111111111111111111000000000000000000000000000000000000000000000000000000000000000000000000000000000000000000)" arg2="C:/lscc/diamond/3.9_x64/ispfpga/userware/NT/SYNTHESIS_HEADERS/machxo2.v" arg3="1037"  />
    <postMsg mid="35901018" type="Info"    dynamic="2" navigation="2" arg0="C:/lscc/diamond/3.9_x64/ispfpga/userware/NT/SYNTHESIS_HEADERS/machxo2.v(1037): " arg1="ROM128X1A(initval=128&apos;b01111111111111111100000000000000000000111111111111111111111111111000000000000000000000000000000000000000000000000000000000000000)" arg2="C:/lscc/diamond/3.9_x64/ispfpga/userware/NT/SYNTHESIS_HEADERS/machxo2.v" arg3="1037"  />
    <postMsg mid="35901018" type="Info"    dynamic="2" navigation="2" arg0="C:/lscc/diamond/3.9_x64/ispfpga/userware/NT/SYNTHESIS_HEADERS/machxo2.v(1037): " arg1="ROM128X1A(initval=128&apos;b01111111100000000011111111100000000000111111111111000000000000000111111111111111111000000000000000000000000000000000000000000000)" arg2="C:/lscc/diamond/3.9_x64/ispfpga/userware/NT/SYNTHESIS_HEADERS/machxo2.v" arg3="1037"  />
    <postMsg mid="35901018" type="Info"    dynamic="2" navigation="2" arg0="C:/lscc/diamond/3.9_x64/ispfpga/userware/NT/SYNTHESIS_HEADERS/machxo2.v(1037): " arg1="ROM128X1A(initval=128&apos;b01111000011110000011110000011111100000111111000000111111100000000111111110000000000111111111111110000000000000000000000000000000)" arg2="C:/lscc/diamond/3.9_x64/ispfpga/userware/NT/SYNTHESIS_HEADERS/machxo2.v" arg3="1037"  />
    <postMsg mid="35901018" type="Info"    dynamic="2" navigation="2" arg0="C:/lscc/diamond/3.9_x64/ispfpga/userware/NT/SYNTHESIS_HEADERS/machxo2.v(1037): " arg1="ROM128X1A(initval=128&apos;b01100110011001100011001110011100011000111000111000111000011110000111100001111100000111111000000001111111110000000000000000000000)" arg2="C:/lscc/diamond/3.9_x64/ispfpga/userware/NT/SYNTHESIS_HEADERS/machxo2.v" arg3="1037"  />
    <postMsg mid="35901018" type="Info"    dynamic="2" navigation="2" arg0="C:/lscc/diamond/3.9_x64/ispfpga/userware/NT/SYNTHESIS_HEADERS/machxo2.v(1037): " arg1="ROM128X1A(initval=128&apos;b01010101010101011010101101011010010110100100100110110110011001100110011001100011100111000111100001111000001111111000000000000000)" arg2="C:/lscc/diamond/3.9_x64/ispfpga/userware/NT/SYNTHESIS_HEADERS/machxo2.v" arg3="1037"  />
    <postMsg mid="35901018" type="Info"    dynamic="2" navigation="2" arg0="C:/lscc/diamond/3.9_x64/ispfpga/userware/NT/SYNTHESIS_HEADERS/machxo2.v(1037): " arg1="ROM128X1A(initval=128&apos;b011110000111000110011001100110110110100101101010101010101010101011010010110110110011001100110001110000111100000000000)" arg2="C:/lscc/diamond/3.9_x64/ispfpga/userware/NT/SYNTHESIS_HEADERS/machxo2.v" arg3="1037"  />
    <postMsg mid="35901018" type="Info"    dynamic="2" navigation="2" arg0="C:/lscc/diamond/3.9_x64/ispfpga/userware/NT/SYNTHESIS_HEADERS/machxo2.v(1037): " arg1="ROM128X1A(initval=128&apos;b0111100110011001011010101010101011010011001100111100000000000000011110011001100101101010101010101101001100110011110000000)" arg2="C:/lscc/diamond/3.9_x64/ispfpga/userware/NT/SYNTHESIS_HEADERS/machxo2.v" arg3="1037"  />
    <postMsg mid="35901018" type="Info"    dynamic="2" navigation="2" arg0="C:/lscc/diamond/3.9_x64/ispfpga/userware/NT/SYNTHESIS_HEADERS/machxo2.v(1037): " arg1="ROM128X1A(initval=128&apos;b011001101010101011001100000000000110011010101010110011000000000001100110101010101100110000000000011001101010101011001100000)" arg2="C:/lscc/diamond/3.9_x64/ispfpga/userware/NT/SYNTHESIS_HEADERS/machxo2.v" arg3="1037"  />
    <postMsg mid="35901018" type="Info"    dynamic="2" navigation="2" arg0="C:/lscc/diamond/3.9_x64/ispfpga/userware/NT/SYNTHESIS_HEADERS/machxo2.v(1037): " arg1="ROM128X1A(initval=128&apos;b01101010110000000110101011000000011010101100000001101010110000000110101011000000011010101100000001101010110000000110101011000)" arg2="C:/lscc/diamond/3.9_x64/ispfpga/userware/NT/SYNTHESIS_HEADERS/machxo2.v" arg3="1037"  />
    <postMsg mid="35901018" type="Info"    dynamic="2" navigation="2" arg0="C:/lscc/diamond/3.9_x64/ispfpga/userware/NT/SYNTHESIS_HEADERS/machxo2.v(1037): " arg1="ROM128X1A(initval=128&apos;b010100000101000001010000010100000101000001010000010100000101000001010000010100000101000001010000010100000101000001010000010100)" arg2="C:/lscc/diamond/3.9_x64/ispfpga/userware/NT/SYNTHESIS_HEADERS/machxo2.v" arg3="1037"  />
    <postMsg mid="35901018" type="Info"    dynamic="2" navigation="2" arg0="C:/lscc/diamond/3.9_x64/ispfpga/userware/NT/SYNTHESIS_HEADERS/machxo2.v(1037): " arg1="ROM128X1A(initval=128&apos;b0100010001000100010001000100010001000100010001000100010001000100010001000100010001000100010001000100010001000100010001000100010)" arg2="C:/lscc/diamond/3.9_x64/ispfpga/userware/NT/SYNTHESIS_HEADERS/machxo2.v" arg3="1037"  />
    <postMsg mid="35901018" type="Info"    dynamic="2" navigation="2" arg0="C:/lscc/diamond/3.9_x64/ispfpga/userware/NT/SYNTHESIS_HEADERS/machxo2.v(1037): " arg1="ROM128X1A" arg2="C:/lscc/diamond/3.9_x64/ispfpga/userware/NT/SYNTHESIS_HEADERS/machxo2.v" arg3="1037"  />
    <postMsg mid="35901018" type="Info"    dynamic="2" navigation="2" arg0="C:/lscc/diamond/3.9_x64/ispfpga/userware/NT/SYNTHESIS_HEADERS/machxo2.v(1037): " arg1="ROM128X1A(initval=128&apos;b01010101010101010101010101010101010101010101010101010101010101010101010101010101010101010101010101010101010101010101010101010101)" arg2="C:/lscc/diamond/3.9_x64/ispfpga/userware/NT/SYNTHESIS_HEADERS/machxo2.v" arg3="1037"  />
    <postMsg mid="35901330" type="Warning" dynamic="4" navigation="2" arg0="c:/users/sec29/desktop/i2s_iot/ste.v(58): " arg1="32" arg2="1" arg3="OutClockEn" arg4="c:/users/sec29/desktop/i2s_iot/ste.v" arg5="58"  />
    <postMsg mid="35901018" type="Info"    dynamic="2" navigation="2" arg0="c:/users/sec29/desktop/i2s_iot/submean2.v(1): " arg1="submean2" arg2="c:/users/sec29/desktop/i2s_iot/submean2.v" arg3="1"  />
    <postMsg mid="35901018" type="Info"    dynamic="2" navigation="2" arg0="c:/users/sec29/desktop/i2s_iot/fifo_submean.v(8): " arg1="fifo_submean" arg2="c:/users/sec29/desktop/i2s_iot/fifo_submean.v" arg3="8"  />
    <postMsg mid="35901018" type="Info"    dynamic="2" navigation="2" arg0="C:/lscc/diamond/3.9_x64/ispfpga/userware/NT/SYNTHESIS_HEADERS/machxo2.v(1482): " arg1="FIFO8KB_renamed_due_excessive_length_4" arg2="C:/lscc/diamond/3.9_x64/ispfpga/userware/NT/SYNTHESIS_HEADERS/machxo2.v" arg3="1482"  />
    <postMsg mid="35901330" type="Warning" dynamic="4" navigation="2" arg0="c:/users/sec29/desktop/i2s_iot/submean2.v(28): " arg1="32" arg2="1" arg3="WrEn" arg4="c:/users/sec29/desktop/i2s_iot/submean2.v" arg5="28"  />
    <postMsg mid="35901018" type="Info"    dynamic="2" navigation="2" arg0="c:/users/sec29/desktop/i2s_iot/rising_edge_det.v(1): " arg1="rising_edge_det" arg2="c:/users/sec29/desktop/i2s_iot/rising_edge_det.v" arg3="1"  />
    <postMsg mid="35931013" type="Warning" dynamic="2" navigation="2" arg0="c:/users/sec29/desktop/i2s_iot/submean2.v(29): " arg1="RPReset" arg2="c:/users/sec29/desktop/i2s_iot/submean2.v" arg3="29"  />
    <postMsg mid="35901018" type="Info"    dynamic="2" navigation="2" arg0="c:/users/sec29/desktop/i2s_iot/clasification.v(1): " arg1="classification" arg2="c:/users/sec29/desktop/i2s_iot/clasification.v" arg3="1"  />
    <postMsg mid="35901209" type="Warning" dynamic="3" navigation="2" arg0="c:/users/sec29/desktop/i2s_iot/clasification.v(20): " arg1="32" arg2="1" arg3="c:/users/sec29/desktop/i2s_iot/clasification.v" arg4="20"  />
    <postMsg mid="35901209" type="Warning" dynamic="3" navigation="2" arg0="c:/users/sec29/desktop/i2s_iot/clasification.v(21): " arg1="32" arg2="1" arg3="c:/users/sec29/desktop/i2s_iot/clasification.v" arg4="21"  />
    <postMsg mid="35901209" type="Warning" dynamic="3" navigation="2" arg0="c:/users/sec29/desktop/i2s_iot/clasification.v(22): " arg1="32" arg2="1" arg3="c:/users/sec29/desktop/i2s_iot/clasification.v" arg4="22"  />
    <postMsg mid="35901018" type="Info"    dynamic="2" navigation="2" arg0="c:/users/sec29/desktop/i2s_iot/beamforming.v(1): " arg1="beam_forming" arg2="c:/users/sec29/desktop/i2s_iot/beamforming.v" arg3="1"  />
    <postMsg mid="35901221" type="Warning" dynamic="2" navigation="2" arg0="c:/users/sec29/desktop/i2s_iot/beamforming.v(162): " arg1="phase_diff_LUT" arg2="c:/users/sec29/desktop/i2s_iot/beamforming.v" arg3="162"  />
    <postMsg mid="35901221" type="Warning" dynamic="2" navigation="2" arg0="c:/users/sec29/desktop/i2s_iot/beamforming.v(162): " arg1="final_index" arg2="c:/users/sec29/desktop/i2s_iot/beamforming.v" arg3="162"  />
    <postMsg mid="35901466" type="Warning" dynamic="1" navigation="2" arg0="c:/users/sec29/desktop/i2s_iot/beamforming.v(162): " arg1="c:/users/sec29/desktop/i2s_iot/beamforming.v" arg2="162"  />
    <postMsg mid="35901209" type="Warning" dynamic="3" navigation="2" arg0="c:/users/sec29/desktop/i2s_iot/beamforming.v(185): " arg1="32" arg2="7" arg3="c:/users/sec29/desktop/i2s_iot/beamforming.v" arg4="185"  />
    <postMsg mid="35901167" type="Warning" dynamic="1" navigation="2" arg0="c:/users/sec29/desktop/i2s_iot/beamforming.v(199): " arg1="c:/users/sec29/desktop/i2s_iot/beamforming.v" arg2="199"  />
    <postMsg mid="35901221" type="Warning" dynamic="2" navigation="2" arg0="c:/users/sec29/desktop/i2s_iot/beamforming.v(201): " arg1="window_count" arg2="c:/users/sec29/desktop/i2s_iot/beamforming.v" arg3="201"  />
    <postMsg mid="35901221" type="Warning" dynamic="2" navigation="2" arg0="c:/users/sec29/desktop/i2s_iot/beamforming.v(202): " arg1="right_data_in" arg2="c:/users/sec29/desktop/i2s_iot/beamforming.v" arg3="202"  />
    <postMsg mid="35901221" type="Warning" dynamic="2" navigation="2" arg0="c:/users/sec29/desktop/i2s_iot/beamforming.v(202): " arg1="window_count" arg2="c:/users/sec29/desktop/i2s_iot/beamforming.v" arg3="202"  />
    <postMsg mid="35901167" type="Warning" dynamic="1" navigation="2" arg0="c:/users/sec29/desktop/i2s_iot/beamforming.v(204): " arg1="c:/users/sec29/desktop/i2s_iot/beamforming.v" arg2="204"  />
    <postMsg mid="35901221" type="Warning" dynamic="2" navigation="2" arg0="c:/users/sec29/desktop/i2s_iot/beamforming.v(206): " arg1="left_data_in" arg2="c:/users/sec29/desktop/i2s_iot/beamforming.v" arg3="206"  />
    <postMsg mid="35901221" type="Warning" dynamic="2" navigation="2" arg0="c:/users/sec29/desktop/i2s_iot/beamforming.v(206): " arg1="window_count" arg2="c:/users/sec29/desktop/i2s_iot/beamforming.v" arg3="206"  />
    <postMsg mid="35901221" type="Warning" dynamic="2" navigation="2" arg0="c:/users/sec29/desktop/i2s_iot/beamforming.v(207): " arg1="right_data_in" arg2="c:/users/sec29/desktop/i2s_iot/beamforming.v" arg3="207"  />
    <postMsg mid="35901221" type="Warning" dynamic="2" navigation="2" arg0="c:/users/sec29/desktop/i2s_iot/beamforming.v(207): " arg1="window_count" arg2="c:/users/sec29/desktop/i2s_iot/beamforming.v" arg3="207"  />
    <postMsg mid="35901167" type="Warning" dynamic="1" navigation="2" arg0="c:/users/sec29/desktop/i2s_iot/beamforming.v(209): " arg1="c:/users/sec29/desktop/i2s_iot/beamforming.v" arg2="209"  />
    <postMsg mid="35901221" type="Warning" dynamic="2" navigation="2" arg0="c:/users/sec29/desktop/i2s_iot/beamforming.v(211): " arg1="window_count" arg2="c:/users/sec29/desktop/i2s_iot/beamforming.v" arg3="211"  />
    <postMsg mid="35901221" type="Warning" dynamic="2" navigation="2" arg0="c:/users/sec29/desktop/i2s_iot/beamforming.v(212): " arg1="right_data_in" arg2="c:/users/sec29/desktop/i2s_iot/beamforming.v" arg3="212"  />
    <postMsg mid="35901221" type="Warning" dynamic="2" navigation="2" arg0="c:/users/sec29/desktop/i2s_iot/beamforming.v(212): " arg1="window_count" arg2="c:/users/sec29/desktop/i2s_iot/beamforming.v" arg3="212"  />
    <postMsg mid="35901466" type="Warning" dynamic="1" navigation="2" arg0="c:/users/sec29/desktop/i2s_iot/beamforming.v(213): " arg1="c:/users/sec29/desktop/i2s_iot/beamforming.v" arg2="213"  />
    <postMsg mid="35901167" type="Warning" dynamic="1" navigation="2" arg0="c:/users/sec29/desktop/i2s_iot/beamforming.v(218): " arg1="c:/users/sec29/desktop/i2s_iot/beamforming.v" arg2="218"  />
    <postMsg mid="35901221" type="Warning" dynamic="2" navigation="2" arg0="c:/users/sec29/desktop/i2s_iot/beamforming.v(224): " arg1="left_data_storage" arg2="c:/users/sec29/desktop/i2s_iot/beamforming.v" arg3="224"  />
    <postMsg mid="35901221" type="Warning" dynamic="2" navigation="2" arg0="c:/users/sec29/desktop/i2s_iot/beamforming.v(224): " arg1="right_data_storage" arg2="c:/users/sec29/desktop/i2s_iot/beamforming.v" arg3="224"  />
    <postMsg mid="35901221" type="Warning" dynamic="2" navigation="2" arg0="c:/users/sec29/desktop/i2s_iot/beamforming.v(225): " arg1="current_diff" arg2="c:/users/sec29/desktop/i2s_iot/beamforming.v" arg3="225"  />
    <postMsg mid="35901221" type="Warning" dynamic="2" navigation="2" arg0="c:/users/sec29/desktop/i2s_iot/beamforming.v(225): " arg1="left_data_storage" arg2="c:/users/sec29/desktop/i2s_iot/beamforming.v" arg3="225"  />
    <postMsg mid="35901221" type="Warning" dynamic="2" navigation="2" arg0="c:/users/sec29/desktop/i2s_iot/beamforming.v(225): " arg1="right_data_storage" arg2="c:/users/sec29/desktop/i2s_iot/beamforming.v" arg3="225"  />
    <postMsg mid="35901221" type="Warning" dynamic="2" navigation="2" arg0="c:/users/sec29/desktop/i2s_iot/beamforming.v(227): " arg1="current_diff" arg2="c:/users/sec29/desktop/i2s_iot/beamforming.v" arg3="227"  />
    <postMsg mid="35901221" type="Warning" dynamic="2" navigation="2" arg0="c:/users/sec29/desktop/i2s_iot/beamforming.v(227): " arg1="left_data_storage" arg2="c:/users/sec29/desktop/i2s_iot/beamforming.v" arg3="227"  />
    <postMsg mid="35901221" type="Warning" dynamic="2" navigation="2" arg0="c:/users/sec29/desktop/i2s_iot/beamforming.v(227): " arg1="right_data_storage" arg2="c:/users/sec29/desktop/i2s_iot/beamforming.v" arg3="227"  />
    <postMsg mid="35901466" type="Warning" dynamic="1" navigation="2" arg0="c:/users/sec29/desktop/i2s_iot/beamforming.v(231): " arg1="c:/users/sec29/desktop/i2s_iot/beamforming.v" arg2="231"  />
    <postMsg mid="35901167" type="Warning" dynamic="1" navigation="2" arg0="c:/users/sec29/desktop/i2s_iot/beamforming.v(236): " arg1="c:/users/sec29/desktop/i2s_iot/beamforming.v" arg2="236"  />
    <postMsg mid="35901221" type="Warning" dynamic="2" navigation="2" arg0="c:/users/sec29/desktop/i2s_iot/beamforming.v(240): " arg1="current_diff" arg2="c:/users/sec29/desktop/i2s_iot/beamforming.v" arg3="240"  />
    <postMsg mid="35901221" type="Warning" dynamic="2" navigation="2" arg0="c:/users/sec29/desktop/i2s_iot/beamforming.v(240): " arg1="min_diff" arg2="c:/users/sec29/desktop/i2s_iot/beamforming.v" arg3="240"  />
    <postMsg mid="35901221" type="Warning" dynamic="2" navigation="2" arg0="c:/users/sec29/desktop/i2s_iot/beamforming.v(242): " arg1="current_diff" arg2="c:/users/sec29/desktop/i2s_iot/beamforming.v" arg3="242"  />
    <postMsg mid="35901221" type="Warning" dynamic="2" navigation="2" arg0="c:/users/sec29/desktop/i2s_iot/beamforming.v(247): " arg1="min_diff" arg2="c:/users/sec29/desktop/i2s_iot/beamforming.v" arg3="247"  />
    <postMsg mid="35901221" type="Warning" dynamic="2" navigation="2" arg0="c:/users/sec29/desktop/i2s_iot/beamforming.v(248): " arg1="final_index" arg2="c:/users/sec29/desktop/i2s_iot/beamforming.v" arg3="248"  />
    <postMsg mid="35901466" type="Warning" dynamic="1" navigation="2" arg0="c:/users/sec29/desktop/i2s_iot/beamforming.v(252): " arg1="c:/users/sec29/desktop/i2s_iot/beamforming.v" arg2="252"  />
    <postMsg mid="1009991" type="Warning" dynamic="1" navigation="0" arg0="c:/users/sec29/desktop/i2s_iot/beamforming.v(253): Latch final_index[5] input is stuck at One&#xA;"  />
    <postMsg mid="1009991" type="Warning" dynamic="1" navigation="0" arg0="c:/users/sec29/desktop/i2s_iot/beamforming.v(253): Latch final_index[4] input is stuck at One&#xA;"  />
    <postMsg mid="1009991" type="Warning" dynamic="1" navigation="0" arg0="c:/users/sec29/desktop/i2s_iot/beamforming.v(253): Latch final_index[3] input is stuck at One&#xA;"  />
    <postMsg mid="1009991" type="Warning" dynamic="1" navigation="0" arg0="c:/users/sec29/desktop/i2s_iot/beamforming.v(253): Latch final_index[2] input is stuck at Zero&#xA;"  />
    <postMsg mid="1009991" type="Warning" dynamic="1" navigation="0" arg0="c:/users/sec29/desktop/i2s_iot/beamforming.v(253): Latch final_index[1] input is stuck at One&#xA;"  />
    <postMsg mid="1009991" type="Warning" dynamic="1" navigation="0" arg0="c:/users/sec29/desktop/i2s_iot/beamforming.v(253): Latch final_index[0] input is stuck at One&#xA;"  />
    <postMsg mid="35931002" type="Warning" dynamic="2" navigation="2" arg0="c:/users/sec29/desktop/i2s_iot/beamforming.v(32): " arg1="phase_diff_LUT" arg2="c:/users/sec29/desktop/i2s_iot/beamforming.v" arg3="32"  />
    <postMsg mid="35901330" type="Warning" dynamic="4" navigation="2" arg0="c:/users/sec29/desktop/i2s_iot/top.v(178): " arg1="32" arg2="16" arg3="left_data_in" arg4="c:/users/sec29/desktop/i2s_iot/top.v" arg5="178"  />
    <postMsg mid="35901330" type="Warning" dynamic="4" navigation="2" arg0="c:/users/sec29/desktop/i2s_iot/top.v(179): " arg1="32" arg2="16" arg3="right_data_in" arg4="c:/users/sec29/desktop/i2s_iot/top.v" arg5="179"  />
    <postMsg mid="35901330" type="Warning" dynamic="4" navigation="2" arg0="c:/users/sec29/desktop/i2s_iot/top.v(181): " arg1="1" arg2="8" arg3="led_pattern" arg4="c:/users/sec29/desktop/i2s_iot/top.v" arg5="181"  />
    <postMsg mid="35901018" type="Info"    dynamic="2" navigation="2" arg0="c:/users/sec29/desktop/i2s_iot/i2c_top.v(55): " arg1="I2C_Top" arg2="c:/users/sec29/desktop/i2s_iot/i2c_top.v" arg3="55"  />
    <postMsg mid="35901231" type="Info"    dynamic="2" navigation="2" arg0="c:/users/sec29/desktop/i2s_iot/i2c_top.v(205): " arg1="MPU_to_I2C" arg2="c:/users/sec29/desktop/i2s_iot/i2c_top.v" arg3="205"  />
c:/users/sec29/desktop/i2s_iot/i2c_mpu_blk.vhd(55): executing MPU_to_I2C(MPU_to_I2C_Behave)

    <postMsg mid="1009991" type="Warning" dynamic="1" navigation="0" arg0="c:/users/sec29/desktop/i2s_iot/i2c_mpu_blk.vhd(124): Transparent Latch temp_data[7] gate is stuck at One&#xA;"  />
    <postMsg mid="1009991" type="Warning" dynamic="1" navigation="0" arg0="c:/users/sec29/desktop/i2s_iot/i2c_mpu_blk.vhd(124): Transparent Latch temp_data[6] gate is stuck at One&#xA;"  />
    <postMsg mid="1009991" type="Warning" dynamic="1" navigation="0" arg0="c:/users/sec29/desktop/i2s_iot/i2c_mpu_blk.vhd(124): Transparent Latch temp_data[5] gate is stuck at One&#xA;"  />
    <postMsg mid="1009991" type="Warning" dynamic="1" navigation="0" arg0="c:/users/sec29/desktop/i2s_iot/i2c_mpu_blk.vhd(124): Transparent Latch temp_data[4] gate is stuck at One&#xA;"  />
    <postMsg mid="1009991" type="Warning" dynamic="1" navigation="0" arg0="c:/users/sec29/desktop/i2s_iot/i2c_mpu_blk.vhd(124): Transparent Latch temp_data[3] gate is stuck at One&#xA;"  />
    <postMsg mid="1009991" type="Warning" dynamic="1" navigation="0" arg0="c:/users/sec29/desktop/i2s_iot/i2c_mpu_blk.vhd(124): Transparent Latch temp_data[1] gate is stuck at One&#xA;"  />
    <postMsg mid="1009991" type="Warning" dynamic="1" navigation="0" arg0="c:/users/sec29/desktop/i2s_iot/i2c_mpu_blk.vhd(124): Transparent Latch temp_data[0] gate is stuck at One&#xA;"  />
    <postMsg mid="35901232" type="Info"    dynamic="1" navigation="2" arg0="c:/users/sec29/desktop/i2s_iot/i2c_top.v(205): " arg1="c:/users/sec29/desktop/i2s_iot/i2c_top.v" arg2="205"  />
    <postMsg mid="35901231" type="Info"    dynamic="2" navigation="2" arg0="c:/users/sec29/desktop/i2s_iot/i2c_top.v(237): " arg1="I2C_Main" arg2="c:/users/sec29/desktop/i2s_iot/i2c_top.v" arg3="237"  />
c:/users/sec29/desktop/i2s_iot/i2c_main_blk.vhd(56): executing I2C_Main(I2C_Main_Behave)

    <postMsg mid="35901232" type="Info"    dynamic="1" navigation="2" arg0="c:/users/sec29/desktop/i2s_iot/i2c_top.v(237): " arg1="c:/users/sec29/desktop/i2s_iot/i2c_top.v" arg2="237"  />
    <postMsg mid="35901231" type="Info"    dynamic="2" navigation="2" arg0="c:/users/sec29/desktop/i2s_iot/i2c_top.v(247): " arg1="Synch_Block" arg2="c:/users/sec29/desktop/i2s_iot/i2c_top.v" arg3="247"  />
c:/users/sec29/desktop/i2s_iot/i2c_sync_blk.vhd(62): executing Synch_Block(Synch_Behave)

    <postMsg mid="35901232" type="Info"    dynamic="1" navigation="2" arg0="c:/users/sec29/desktop/i2s_iot/i2c_top.v(247): " arg1="c:/users/sec29/desktop/i2s_iot/i2c_top.v" arg2="247"  />
    <postMsg mid="35901231" type="Info"    dynamic="2" navigation="2" arg0="c:/users/sec29/desktop/i2s_iot/i2c_top.v(261): " arg1="I2C_Clock_Generator" arg2="c:/users/sec29/desktop/i2s_iot/i2c_top.v" arg3="261"  />
c:/users/sec29/desktop/i2s_iot/i2c_clk_blk.vhd(54): executing I2C_Clock_Generator(7,162,14,325)(Clk_Gen_Behave)

    <postMsg mid="35901232" type="Info"    dynamic="1" navigation="2" arg0="c:/users/sec29/desktop/i2s_iot/i2c_top.v(261): " arg1="c:/users/sec29/desktop/i2s_iot/i2c_top.v" arg2="261"  />
    <postMsg mid="35901231" type="Info"    dynamic="2" navigation="2" arg0="c:/users/sec29/desktop/i2s_iot/i2c_top.v(275): " arg1="Counter_Block" arg2="c:/users/sec29/desktop/i2s_iot/i2c_top.v" arg3="275"  />
c:/users/sec29/desktop/i2s_iot/i2c_cnt_blk.vhd(57): executing Counter_Block(Count_Behave)

    <postMsg mid="35921172" type="Info"    dynamic="1" navigation="2" arg0="c:/users/sec29/desktop/i2s_iot/i2c_cnt_blk.vhd(143): " arg1="c:/users/sec29/desktop/i2s_iot/i2c_cnt_blk.vhd" arg2="143"  />
    <postMsg mid="35921172" type="Info"    dynamic="1" navigation="2" arg0="c:/users/sec29/desktop/i2s_iot/i2c_cnt_blk.vhd(217): " arg1="c:/users/sec29/desktop/i2s_iot/i2c_cnt_blk.vhd" arg2="217"  />
    <postMsg mid="35901232" type="Info"    dynamic="1" navigation="2" arg0="c:/users/sec29/desktop/i2s_iot/i2c_top.v(275): " arg1="c:/users/sec29/desktop/i2s_iot/i2c_top.v" arg2="275"  />
    <postMsg mid="35901231" type="Info"    dynamic="2" navigation="2" arg0="c:/users/sec29/desktop/i2s_iot/i2c_top.v(288): " arg1="Arbitrator" arg2="c:/users/sec29/desktop/i2s_iot/i2c_top.v" arg3="288"  />
c:/users/sec29/desktop/i2s_iot/i2c_arb_blk.vhd(54): executing Arbitrator(Arch_Behave)

    <postMsg mid="35921172" type="Info"    dynamic="1" navigation="2" arg0="c:/users/sec29/desktop/i2s_iot/i2c_arb_blk.vhd(127): " arg1="c:/users/sec29/desktop/i2s_iot/i2c_arb_blk.vhd" arg2="127"  />
    <postMsg mid="35901232" type="Info"    dynamic="1" navigation="2" arg0="c:/users/sec29/desktop/i2s_iot/i2c_top.v(288): " arg1="c:/users/sec29/desktop/i2s_iot/i2c_top.v" arg2="288"  />
    <postMsg mid="35901231" type="Info"    dynamic="2" navigation="2" arg0="c:/users/sec29/desktop/i2s_iot/i2c_top.v(302): " arg1="Int_Ctrl_Block" arg2="c:/users/sec29/desktop/i2s_iot/i2c_top.v" arg3="302"  />
c:/users/sec29/desktop/i2s_iot/i2c_int_blk.vhd(52): executing Int_Ctrl_Block(Int_Behave)

    <postMsg mid="35901232" type="Info"    dynamic="1" navigation="2" arg0="c:/users/sec29/desktop/i2s_iot/i2c_top.v(302): " arg1="c:/users/sec29/desktop/i2s_iot/i2c_top.v" arg2="302"  />
    <postMsg mid="35901231" type="Info"    dynamic="2" navigation="2" arg0="c:/users/sec29/desktop/i2s_iot/i2c_top.v(311): " arg1="Start_Generator" arg2="c:/users/sec29/desktop/i2s_iot/i2c_top.v" arg3="311"  />
c:/users/sec29/desktop/i2s_iot/i2c_ss_blk.vhd(54): executing Start_Generator(Start_Behave)

    <postMsg mid="35921172" type="Info"    dynamic="1" navigation="2" arg0="c:/users/sec29/desktop/i2s_iot/i2c_ss_blk.vhd(121): " arg1="c:/users/sec29/desktop/i2s_iot/i2c_ss_blk.vhd" arg2="121"  />
    <postMsg mid="35901232" type="Info"    dynamic="1" navigation="2" arg0="c:/users/sec29/desktop/i2s_iot/i2c_top.v(311): " arg1="c:/users/sec29/desktop/i2s_iot/i2c_top.v" arg2="311"  />
    <postMsg mid="35901231" type="Info"    dynamic="2" navigation="2" arg0="c:/users/sec29/desktop/i2s_iot/i2c_top.v(319): " arg1="Start_Detect" arg2="c:/users/sec29/desktop/i2s_iot/i2c_top.v" arg3="319"  />
c:/users/sec29/desktop/i2s_iot/i2c_ss_blk.vhd(138): executing Start_Detect(Start_Det_Behave)

    <postMsg mid="35901232" type="Info"    dynamic="1" navigation="2" arg0="c:/users/sec29/desktop/i2s_iot/i2c_top.v(319): " arg1="c:/users/sec29/desktop/i2s_iot/i2c_top.v" arg2="319"  />
    <postMsg mid="35901231" type="Info"    dynamic="2" navigation="2" arg0="c:/users/sec29/desktop/i2s_iot/i2c_top.v(328): " arg1="Stop_Generator" arg2="c:/users/sec29/desktop/i2s_iot/i2c_top.v" arg3="328"  />
c:/users/sec29/desktop/i2s_iot/i2c_ss_blk.vhd(213): executing Stop_Generator(Stop_Behave)

    <postMsg mid="35921172" type="Info"    dynamic="1" navigation="2" arg0="c:/users/sec29/desktop/i2s_iot/i2c_ss_blk.vhd(280): " arg1="c:/users/sec29/desktop/i2s_iot/i2c_ss_blk.vhd" arg2="280"  />
    <postMsg mid="35901232" type="Info"    dynamic="1" navigation="2" arg0="c:/users/sec29/desktop/i2s_iot/i2c_top.v(328): " arg1="c:/users/sec29/desktop/i2s_iot/i2c_top.v" arg2="328"  />
    <postMsg mid="35901231" type="Info"    dynamic="2" navigation="2" arg0="c:/users/sec29/desktop/i2s_iot/i2c_top.v(336): " arg1="Stop_Detect" arg2="c:/users/sec29/desktop/i2s_iot/i2c_top.v" arg3="336"  />
c:/users/sec29/desktop/i2s_iot/i2c_ss_blk.vhd(297): executing Stop_Detect(Stop_Det_Behave)

    <postMsg mid="35901232" type="Info"    dynamic="1" navigation="2" arg0="c:/users/sec29/desktop/i2s_iot/i2c_top.v(336): " arg1="c:/users/sec29/desktop/i2s_iot/i2c_top.v" arg2="336"  />
    <postMsg mid="35931002" type="Warning" dynamic="2" navigation="2" arg0="c:/users/sec29/desktop/i2s_iot/top.v(58): " arg1="DATA[7]" arg2="c:/users/sec29/desktop/i2s_iot/top.v" arg3="58"  />
    <postMsg mid="35931002" type="Warning" dynamic="2" navigation="2" arg0="c:/users/sec29/desktop/i2s_iot/top.v(180): " arg1="rd_en1" arg2="c:/users/sec29/desktop/i2s_iot/top.v" arg3="180"  />
    <postMsg mid="35931002" type="Warning" dynamic="2" navigation="2" arg0="c:/users/sec29/desktop/i2s_iot/top.v(188): " arg1="Clock" arg2="c:/users/sec29/desktop/i2s_iot/top.v" arg3="188"  />
    <postMsg mid="35931002" type="Warning" dynamic="2" navigation="2" arg0="c:/users/sec29/desktop/i2s_iot/top.v(190): " arg1="CS_L" arg2="c:/users/sec29/desktop/i2s_iot/top.v" arg3="190"  />
    <postMsg mid="35931002" type="Warning" dynamic="2" navigation="2" arg0="c:/users/sec29/desktop/i2s_iot/top.v(191): " arg1="RW_L" arg2="c:/users/sec29/desktop/i2s_iot/top.v" arg3="191"  />
    <postMsg mid="35931002" type="Warning" dynamic="2" navigation="2" arg0="c:/users/sec29/desktop/i2s_iot/top.v(193): " arg1="A0" arg2="c:/users/sec29/desktop/i2s_iot/top.v" arg3="193"  />
    <postMsg mid="35931002" type="Warning" dynamic="2" navigation="2" arg0="c:/users/sec29/desktop/i2s_iot/top.v(193): " arg1="A1" arg2="c:/users/sec29/desktop/i2s_iot/top.v" arg3="193"  />
    <postMsg mid="35931002" type="Warning" dynamic="2" navigation="2" arg0="c:/users/sec29/desktop/i2s_iot/top.v(193): " arg1="A2" arg2="c:/users/sec29/desktop/i2s_iot/top.v" arg3="193"  />
    <postMsg mid="35931013" type="Warning" dynamic="2" navigation="2" arg0="c:/users/sec29/desktop/i2s_iot/top.v(123): " arg1="RPReset" arg2="c:/users/sec29/desktop/i2s_iot/top.v" arg3="123"  />
    <postMsg mid="35931013" type="Warning" dynamic="2" navigation="2" arg0="c:/users/sec29/desktop/i2s_iot/top.v(129): " arg1="RPReset" arg2="c:/users/sec29/desktop/i2s_iot/top.v" arg3="129"  />
    <postMsg mid="35931013" type="Warning" dynamic="2" navigation="2" arg0="c:/users/sec29/desktop/i2s_iot/top.v(132): " arg1="RPReset" arg2="c:/users/sec29/desktop/i2s_iot/top.v" arg3="132"  />
Loading NGL library 'C:/lscc/diamond/3.9_x64/ispfpga/xo2c00a/data/xo2alib.ngl'...
Loading NGL library 'C:/lscc/diamond/3.9_x64/ispfpga/xo2c00/data/xo2clib.ngl'...
Loading NGL library 'C:/lscc/diamond/3.9_x64/ispfpga/mg5g00/data/mg5glib.ngl'...
Loading NGL library 'C:/lscc/diamond/3.9_x64/ispfpga/or5g00/data/orc5glib.ngl'...
Loading device for application map from file 'xo3c6900.nph' in environment: C:/lscc/diamond/3.9_x64/ispfpga.
Package Status:                     Final          Version 1.16.
    <postMsg mid="35001723" type="Warning" dynamic="1" navigation="0" arg0="C:/Users/SEC29/Desktop/i2s_iot/i2c_mpu_blk.ldc"  />
Top-level module name = top.
    <postMsg mid="35931038" type="Warning" dynamic="2" navigation="2" arg0="c:/users/sec29/desktop/i2s_iot/beamforming.v(32): " arg1="phase_diff_LUT_original_ramnet" arg2="c:/users/sec29/desktop/i2s_iot/beamforming.v" arg3="32"  />
    <postMsg mid="35001723" type="Warning" dynamic="1" navigation="0" arg0="C:/Users/SEC29/Desktop/i2s_iot/i2c_mpu_blk.ldc"  />
    <postMsg mid="35931013" type="Warning" dynamic="2" navigation="2" arg0="c:/users/sec29/desktop/i2s_iot/submean2.v(29): " arg1="RPReset" arg2="c:/users/sec29/desktop/i2s_iot/submean2.v" arg3="29"  />
    <postMsg mid="35931002" type="Warning" dynamic="2" navigation="2" arg0="c:/users/sec29/desktop/i2s_iot/fifo_horizontal.v(16): " arg1="\horizontal_port/RPReset" arg2="c:/users/sec29/desktop/i2s_iot/fifo_horizontal.v" arg3="16"  />
    <postMsg mid="35931002" type="Warning" dynamic="2" navigation="2" arg0="c:/users/sec29/desktop/i2s_iot/fifo_right.v(16): " arg1="\vertical_right/RPReset" arg2="c:/users/sec29/desktop/i2s_iot/fifo_right.v" arg3="16"  />
    <postMsg mid="35931002" type="Warning" dynamic="2" navigation="2" arg0="c:/users/sec29/desktop/i2s_iot/fifo_left.v(16): " arg1="\vertical_left/RPReset" arg2="c:/users/sec29/desktop/i2s_iot/fifo_left.v" arg3="16"  />
    <postMsg mid="35931002" type="Warning" dynamic="2" navigation="2" arg0="c:/users/sec29/desktop/i2s_iot/fifo_submean.v(16): " arg1="\subMean1/f1/RPReset" arg2="c:/users/sec29/desktop/i2s_iot/fifo_submean.v" arg3="16"  />
######## Missing driver on net vertical_out[15]. Patching with GND.
######## Missing driver on net vertical_out[14]. Patching with GND.
######## Missing driver on net vertical_out[13]. Patching with GND.
######## Missing driver on net vertical_out[12]. Patching with GND.
######## Missing driver on net vertical_out[11]. Patching with GND.
######## Missing driver on net vertical_out[10]. Patching with GND.
######## Missing driver on net vertical_out[9]. Patching with GND.
######## Missing driver on net vertical_out[8]. Patching with GND.
######## Missing driver on net vertical_out[7]. Patching with GND.
######## Missing driver on net vertical_out[6]. Patching with GND.
######## Missing driver on net vertical_out[5]. Patching with GND.
######## Missing driver on net vertical_out[4]. Patching with GND.
######## Missing driver on net vertical_out[3]. Patching with GND.
######## Missing driver on net vertical_out[2]. Patching with GND.
######## Missing driver on net vertical_out[1]. Patching with GND.
######## Missing driver on net vertical_out[0]. Patching with GND.
######## Missing driver on net rd_en1. Patching with GND.
######## Missing driver on net Clock. Patching with GND.
######## Missing driver on net CS_L. Patching with GND.
######## Missing driver on net RW_L. Patching with GND.
######## Missing driver on net A0. Patching with GND.
######## Missing driver on net A1. Patching with GND.
######## Missing driver on net A2. Patching with GND.
######## Missing driver on net \horizontal_port/RPReset. Patching with GND.
######## Missing driver on net \vertical_right/RPReset. Patching with GND.
######## Missing driver on net \vertical_left/RPReset. Patching with GND.
######## Missing driver on net \subMean1/f1/RPReset. Patching with GND.
    <postMsg mid="35935013" type="Warning" dynamic="2" navigation="2" arg0="c:/users/sec29/desktop/i2s_iot/beamforming.v(193): " arg1="\beam_forming_valid_I_0/beam_forming_valid_73039" arg2="c:/users/sec29/desktop/i2s_iot/beamforming.v" arg3="193"  />
    <postMsg mid="35001747" type="Warning" dynamic="2" navigation="0" arg0="0" arg1="\beam_forming_valid_I_0/window_count"  />
    <postMsg mid="35001747" type="Warning" dynamic="2" navigation="0" arg0="1" arg1="\beam_forming_valid_I_0/window_count"  />
    <postMsg mid="35001747" type="Warning" dynamic="2" navigation="0" arg0="2" arg1="\beam_forming_valid_I_0/window_count"  />
    <postMsg mid="35001747" type="Warning" dynamic="2" navigation="0" arg0="3" arg1="\beam_forming_valid_I_0/window_count"  />
    <postMsg mid="35001747" type="Warning" dynamic="2" navigation="0" arg0="4" arg1="\beam_forming_valid_I_0/window_count"  />
    <postMsg mid="35001747" type="Warning" dynamic="2" navigation="0" arg0="5" arg1="\beam_forming_valid_I_0/window_count"  />
    <postMsg mid="35001747" type="Warning" dynamic="2" navigation="0" arg0="6" arg1="\beam_forming_valid_I_0/window_count"  />
    <postMsg mid="35935035" type="Warning" dynamic="2" navigation="2" arg0="c:/users/sec29/desktop/i2s_iot/i2c_mpu_blk.vhd(205): " arg1="\i2c1/MPU_to_I2C_1/write_pulse_173" arg2="c:/users/sec29/desktop/i2s_iot/i2c_mpu_blk.vhd" arg3="205"  />
    <postMsg mid="35935035" type="Warning" dynamic="2" navigation="2" arg0="c:/users/sec29/desktop/i2s_iot/i2c_mpu_blk.vhd(218): " arg1="\i2c1/MPU_to_I2C_1/Iack_175" arg2="c:/users/sec29/desktop/i2s_iot/i2c_mpu_blk.vhd" arg3="218"  />
    <postMsg mid="35935035" type="Warning" dynamic="2" navigation="2" arg0="c:/users/sec29/desktop/i2s_iot/i2c_mpu_blk.vhd(231): " arg1="\i2c1/MPU_to_I2C_1/tbe_176" arg2="c:/users/sec29/desktop/i2s_iot/i2c_mpu_blk.vhd" arg3="231"  />
    <postMsg mid="35935035" type="Warning" dynamic="2" navigation="2" arg0="c:/users/sec29/desktop/i2s_iot/i2c_mpu_blk.vhd(244): " arg1="\i2c1/MPU_to_I2C_1/rbf_177" arg2="c:/users/sec29/desktop/i2s_iot/i2c_mpu_blk.vhd" arg3="244"  />
    <postMsg mid="35935035" type="Warning" dynamic="2" navigation="2" arg0="c:/users/sec29/desktop/i2s_iot/i2c_main_blk.vhd(277): " arg1="\i2c1/I2C_Main_1/Error_217" arg2="c:/users/sec29/desktop/i2s_iot/i2c_main_blk.vhd" arg3="277"  />
    <postMsg mid="35935035" type="Warning" dynamic="2" navigation="2" arg0="c:/users/sec29/desktop/i2s_iot/i2c_main_blk.vhd(300): " arg1="\i2c1/I2C_Main_1/det_low_232" arg2="c:/users/sec29/desktop/i2s_iot/i2c_main_blk.vhd" arg3="300"  />
    <postMsg mid="35935035" type="Warning" dynamic="2" navigation="2" arg0="c:/users/sec29/desktop/i2s_iot/i2c_main_blk.vhd(329): " arg1="\i2c1/I2C_Main_1/Value_235" arg2="c:/users/sec29/desktop/i2s_iot/i2c_main_blk.vhd" arg3="329"  />
    <postMsg mid="35935035" type="Warning" dynamic="2" navigation="2" arg0="c:/users/sec29/desktop/i2s_iot/i2c_main_blk.vhd(354): " arg1="\i2c1/I2C_Main_1/SDA_EN1_236" arg2="c:/users/sec29/desktop/i2s_iot/i2c_main_blk.vhd" arg3="354"  />
    <postMsg mid="35935035" type="Warning" dynamic="2" navigation="2" arg0="c:/users/sec29/desktop/i2s_iot/i2c_main_blk.vhd(380): " arg1="\i2c1/I2C_Main_1/shift_239" arg2="c:/users/sec29/desktop/i2s_iot/i2c_main_blk.vhd" arg3="380"  />
    <postMsg mid="35935035" type="Warning" dynamic="2" navigation="2" arg0="c:/users/sec29/desktop/i2s_iot/i2c_sync_blk.vhd(91): " arg1="\i2c1/Synch_1/t2_13" arg2="c:/users/sec29/desktop/i2s_iot/i2c_sync_blk.vhd" arg3="91"  />
    <postMsg mid="35935035" type="Warning" dynamic="2" navigation="2" arg0="c:/users/sec29/desktop/i2s_iot/i2c_clk_blk.vhd(103): " arg1="\i2c1/I2C_Clock_Gen_1/SCL_CK_40" arg2="c:/users/sec29/desktop/i2s_iot/i2c_clk_blk.vhd" arg3="103"  />
    <postMsg mid="35935035" type="Warning" dynamic="2" navigation="2" arg0="c:/users/sec29/desktop/i2s_iot/i2c_cnt_blk.vhd(118): " arg1="\i2c1/Counter_Blk_1/Bit_Cnt_Flag_59" arg2="c:/users/sec29/desktop/i2s_iot/i2c_cnt_blk.vhd" arg3="118"  />
    <postMsg mid="35935035" type="Warning" dynamic="2" navigation="2" arg0="c:/users/sec29/desktop/i2s_iot/i2c_cnt_blk.vhd(154): " arg1="\i2c1/Counter_Blk_1/Current_Byte_State_60" arg2="c:/users/sec29/desktop/i2s_iot/i2c_cnt_blk.vhd" arg3="154"  />
    <postMsg mid="35935035" type="Warning" dynamic="2" navigation="2" arg0="c:/users/sec29/desktop/i2s_iot/i2c_cnt_blk.vhd(179): " arg1="\i2c1/Counter_Blk_1/Byte_Cnt_Flag_62" arg2="c:/users/sec29/desktop/i2s_iot/i2c_cnt_blk.vhd" arg3="179"  />
    <postMsg mid="35935035" type="Warning" dynamic="2" navigation="2" arg0="c:/users/sec29/desktop/i2s_iot/i2c_cnt_blk.vhd(192): " arg1="\i2c1/Counter_Blk_1/Byte_Cmpr_63" arg2="c:/users/sec29/desktop/i2s_iot/i2c_cnt_blk.vhd" arg3="192"  />
    <postMsg mid="35935035" type="Warning" dynamic="2" navigation="2" arg0="c:/users/sec29/desktop/i2s_iot/i2c_cnt_blk.vhd(97): " arg1="\i2c1/Counter_Blk_1/Current_Bit_State_57" arg2="c:/users/sec29/desktop/i2s_iot/i2c_cnt_blk.vhd" arg3="97"  />
    <postMsg mid="35935035" type="Warning" dynamic="2" navigation="2" arg0="c:/users/sec29/desktop/i2s_iot/i2c_arb_blk.vhd(104): " arg1="\i2c1/Arb_1/Lost_ARB_30" arg2="c:/users/sec29/desktop/i2s_iot/i2c_arb_blk.vhd" arg3="104"  />
    <postMsg mid="35935035" type="Warning" dynamic="2" navigation="2" arg0="c:/users/sec29/desktop/i2s_iot/i2c_int_blk.vhd(91): " arg1="\i2c1/Int_Ctrl_1/Iack_Clear_26" arg2="c:/users/sec29/desktop/i2s_iot/i2c_int_blk.vhd" arg3="91"  />
    <postMsg mid="1009991" type="Warning" dynamic="1" navigation="0" arg0="c:/users/sec29/desktop/i2s_iot/i2c_int_blk.vhd(91): Clock on register \i2c1/Int_Ctrl_1/INTR_L_25 is tied to a constant&#xA;"  />
    <postMsg mid="35935014" type="Warning" dynamic="2" navigation="2" arg0="c:/users/sec29/desktop/i2s_iot/i2c_int_blk.vhd(91): " arg1="\i2c1/Int_Ctrl_1/INTR_L_25" arg2="c:/users/sec29/desktop/i2s_iot/i2c_int_blk.vhd" arg3="91"  />
    <postMsg mid="35935035" type="Warning" dynamic="2" navigation="2" arg0="c:/users/sec29/desktop/i2s_iot/i2c_ss_blk.vhd(179): " arg1="\i2c1/Start_Det_1/Start_Det_29" arg2="c:/users/sec29/desktop/i2s_iot/i2c_ss_blk.vhd" arg3="179"  />
    <postMsg mid="35935035" type="Warning" dynamic="2" navigation="2" arg0="c:/users/sec29/desktop/i2s_iot/i2c_ss_blk.vhd(338): " arg1="\i2c1/Stop_Det_1/Stop_Det_29" arg2="c:/users/sec29/desktop/i2s_iot/i2c_ss_blk.vhd" arg3="338"  />
    <postMsg mid="35001774" type="Info"    dynamic="2" navigation="0" arg0="\i2c1/Start_Gen_1/Current_Start_Gen_State" arg1="one-hot"  />
State machine has 3 reachable states with original encodings of:

 00 

 10 

 11 

original encoding -> new encoding (one-hot encoding)

 00 -> 001

 10 -> 010

 11 -> 100

    <postMsg mid="35001774" type="Info"    dynamic="2" navigation="0" arg0="\i2c1/Stop_Gen_1/Current_Stop_Gen_State" arg1="one-hot"  />
State machine has 2 reachable states with original encodings of:

 00 

 11 

original encoding -> new encoding (one-hot encoding)

 00 -> 01

 11 -> 10




    <postMsg mid="35001747" type="Warning" dynamic="2" navigation="0" arg0="1" arg1="\i2c1/Stop_Gen_1/Current_Stop_Gen_State_FSM"  />
    <postMsg mid="35001747" type="Warning" dynamic="2" navigation="0" arg0="2" arg1="\i2c1/Stop_Gen_1/Current_Stop_Gen_State_FSM"  />
    <postMsg mid="35001747" type="Warning" dynamic="2" navigation="0" arg0="2" arg1="\i2c1/Start_Gen_1/Current_Start_Gen_State_FSM"  />
    <postMsg mid="35001747" type="Warning" dynamic="2" navigation="0" arg0="0" arg1="\i2c1/Stop_Gen_1/Current_Stop_Gen_State_FSM"  />
    <postMsg mid="35001747" type="Warning" dynamic="2" navigation="0" arg0="1" arg1="\i2c1/Start_Gen_1/Current_Start_Gen_State_FSM"  />
    <postMsg mid="35001747" type="Warning" dynamic="2" navigation="0" arg0="0" arg1="\i2c1/Start_Gen_1/Current_Start_Gen_State_FSM"  />
######## Converting I/O port SDA to output.
######## Converting I/O port SCL to output.
    <postMsg mid="35001699" type="Info"    dynamic="2" navigation="0" arg0="\port1/i2s_rx_inst/sd_i_52" arg1="IFS1P3DX"  />
Results of NGD DRC are available in top_drc.log.
Loading NGL library 'C:/lscc/diamond/3.9_x64/ispfpga/xo2c00a/data/xo2alib.ngl'...
Loading NGL library 'C:/lscc/diamond/3.9_x64/ispfpga/xo2c00/data/xo2clib.ngl'...
    <postMsg mid="50001000" type="Warning" dynamic="3" navigation="0" arg0="CLKOS2" arg1="FREQUENCY_PIN_CLKOS2" arg2="PLLInst_0"  />
Loading NGL library 'C:/lscc/diamond/3.9_x64/ispfpga/mg5g00/data/mg5glib.ngl'...
Loading NGL library 'C:/lscc/diamond/3.9_x64/ispfpga/or5g00/data/orc5glib.ngl'...


Running DRC...

    <postMsg mid="1166052" type="Warning" dynamic="2" navigation="1" arg0="logical" arg1="i_sd2" arg2="i_sd2"  />
    <postMsg mid="1166064" type="Warning" dynamic="2" navigation="0" arg0="input" arg1="i_sd2"  />
    <postMsg mid="1163101" type="Warning" dynamic="1" navigation="0" arg0="2"  />

Design Results:
    559 blocks expanded
completed the first expansion
All blocks are expanded and NGD expansion is successful.
Writing NGD file i2s_small_impl1.ngd.

################### Begin Area Report (top)######################
Number of register bits => 270 of 7485 (3 % )
CCU2D => 88
EHXPLLJ => 2
FD1P3AX => 9
FD1P3DX => 107
FD1P3IX => 26
FD1S3DX => 127
FIFO8KB => 2
GSR => 1
IB => 2
IFS1P3DX => 1
INV => 2
LUT4 => 126
OB => 41
OBZ => 2
OSCH => 1
PFUMX => 4
ROM128X1A => 15
################### End Area Report ##################

################### Begin BlackBox Report ######################
TSALL => 1
################### End BlackBox Report ##################

################### Begin Clock Report ######################
Clock Nets
Number of Clocks: 7
  Net : port1/o_ws_c, loads : 161
  Net : my_pll1/mclk_c, loads : 4
  Net : div8/o_sck_c, loads : 4
  Net : osc_clk, loads : 2
  Net : my_pll2/mclk2_c, loads : 2
  Net : my_pll2/o_sck2_c, loads : 2
  Net : div8/o_sck_N_112, loads : 106
Clock Enable Nets
Number of Clock Enables: 18
Top 10 highest fanout Clock Enables:
  Net : port1/i2s_rx_inst/ws_reg_i, loads : 33
  Net : ste1/o_ws_c_enable_39, loads : 31
  Net : Rst_L_N_940, loads : 6
  Net : zcr1/o_ws_c_enable_48, loads : 3
  Net : zcr1/o_ws_c_enable_51, loads : 3
  Net : zcr1/o_ws_c_enable_30, loads : 2
  Net : zcr1/o_ws_c_enable_25, loads : 1
  Net : zcr1/o_ws_c_enable_41, loads : 1
  Net : subMean1/r1/pe_N_903, loads : 1
  Net : zcr1/o_ws_c_enable_42, loads : 1
Highest fanout non-clock nets
Top 10 highest fanout non-clock nets:
  Net : i_sys_rst, loads : 237
  Net : ste1/window_count_3, loads : 53
  Net : subMean1/r1/subMean_left_valid, loads : 42
  Net : Rst_L_N_940, loads : 33
  Net : port1/i2s_rx_inst/ws_reg_i, loads : 33
  Net : ste1/o_ws_c_enable_39, loads : 31
  Net : ste1/n4_adj_1461, loads : 28
  Net : n980, loads : 26
  Net : zcr1/window_count_3, loads : 25
  Net : ste1/window_count_0, loads : 21
################### End Clock Report ##################

Timing Report Summary
--------------
--------------------------------------------------------------------------------
Constraint                              |   Constraint|       Actual|Levels
--------------------------------------------------------------------------------
                                        |             |             |
create_clock -period 1000.000000 -name  |             |             |
clk504 [get_nets o_sck2_c]              |    1.000 MHz|  175.778 MHz|     4  
                                        |             |             |
create_clock -period 1000.000000 -name  |             |             |
clk503 [get_nets o_sck_c]               |            -|            -|     0  
                                        |             |             |
create_clock -period 1000.000000 -name  |             |             |
clk502 [get_nets o_sck_N_112]           |    1.000 MHz|  174.734 MHz|    17  
                                        |             |             |
create_clock -period 1000.000000 -name  |             |             |
clk501 [get_nets mclk_c]                |    1.000 MHz|  346.741 MHz|     2  
                                        |             |             |
create_clock -period 1000.000000 -name  |             |             |
clk500 [get_nets o_ws_c]                |    1.000 MHz|  101.092 MHz|    19  
                                        |             |             |
--------------------------------------------------------------------------------


All constraints were met.


Peak Memory Usage: 345.523  MB

--------------------------------------------------------------
Elapsed CPU time for LSE flow : 6.594  secs
--------------------------------------------------------------

map -a "MachXO3L" -p LCMXO3L-6900C -t CABGA256 -s 5 -oc Commercial   "i2s_small_impl1.ngd" -o "i2s_small_impl1_map.ncd" -pr "i2s_small_impl1.prf" -mp "i2s_small_impl1.mrp" -lpf "C:/Users/SEC29/Desktop/i2s_iot/impl1/i2s_small_impl1.lpf" -lpf "C:/Users/SEC29/Desktop/i2s_iot/i2s_small.lpf" -c 0            
map:  version Diamond (64-bit) 3.9.0.99.2

Copyright (c) 1991-1994 by NeoCAD Inc. All rights reserved.
Copyright (c) 1995 AT&T Corp.   All rights reserved.
Copyright (c) 1995-2001 Lucent Technologies Inc.  All rights reserved.
Copyright (c) 2001 Agere Systems   All rights reserved.
Copyright (c) 2002-2017 Lattice Semiconductor Corporation,  All rights reserved.
   Process the file: i2s_small_impl1.ngd
   Picdevice="LCMXO3L-6900C"

   Pictype="CABGA256"

   Picspeed=5

   Remove unused logic

   Do not produce over sized NCDs.

Part used: LCMXO3L-6900CCABGA256, Performance used: 5.

Loading device for application map from file 'xo3c6900.nph' in environment: C:/lscc/diamond/3.9_x64/ispfpga.
Package Status:                     Final          Version 1.16.

Running general design DRC...

    <postMsg mid="1166064" type="Warning" dynamic="2" navigation="0" arg0="input" arg1="i_sd2"  />
Removing unused logic...

Optimizing...

    <postMsg mid="52101271" type="Warning" dynamic="5" navigation="0" arg0="OSCH" arg1="OSCH_inst" arg2="16.00" arg3="16.63" arg4="5.5"  />
    <postMsg mid="51001030" type="Warning" dynamic="1" navigation="0" arg0="Rst_L_N_940"  />
    <postMsg mid="51001046" type="Warning" dynamic="1" navigation="0" arg0="i_sd2"  />



Design Summary:
   Number of registers:    270 out of  7485 (4%)
      PFU registers:          269 out of  6864 (4%)
      PIO registers:            1 out of   621 (0%)
   Number of SLICEs:       193 out of  3432 (6%)
      SLICEs as Logic/ROM:    193 out of  3432 (6%)
      SLICEs as RAM:            0 out of  2574 (0%)
      SLICEs as Carry:         88 out of  3432 (3%)
   Number of LUT4s:        370 out of  6864 (5%)
      Number used as logic LUTs:        194
      Number used as distributed RAM:     0
      Number used as ripple logic:      176
      Number used as shift registers:     0
   Number of PIO sites used: 45 + 4(JTAG) out of 207 (24%)
   Number of block RAMs:  2 out of 26 (8%)
   Number of GSRs:  1 out of 1 (100%)
   EFB used :       No
   JTAG used :      No
   Readback used :  No
   Oscillator used :  Yes
   Startup used :   No
   POR :            On
   Bandgap :        On
   Number of Power Controller:  0 out of 1 (0%)
   Number of Dynamic Bank Controller (BCINRD):  0 out of 6 (0%)
   Number of Dynamic Bank Controller (BCLVDSO):  0 out of 1 (0%)
   Number of DCCA:  0 out of 8 (0%)
   Number of DCMA:  0 out of 2 (0%)
   Number of PLLs:  2 out of 2 (100%)
   Number of DQSDLLs:  0 out of 2 (0%)
   Number of CLKDIVC:  0 out of 4 (0%)
   Number of ECLKSYNCA:  0 out of 4 (0%)
   Number of ECLKBRIDGECS:  0 out of 2 (0%)
   Notes:-
      1. Total number of LUT4s = (Number of logic LUT4s) + 2*(Number of distributed RAMs) + 2*(Number of ripple logic)
      2. Number of logic LUT4s does not include count of distributed RAM and ripple logic.
   Number of clocks:  5
     Net o_sck_c: 57 loads, 1 rising, 56 falling (Driver: div8/clk_track_12 )
     Net o_ws_c: 99 loads, 99 rising, 0 falling (Driver: port1/o_ws_13 )
     Net osc_clk: 2 loads, 2 rising, 0 falling (Driver: OSCH_inst )
     Net mclk_c: 2 loads, 2 rising, 0 falling (Driver: my_pll1/PLLInst_0 )
     Net o_sck2_c: 4 loads, 0 rising, 4 falling (Driver: my_pll2/PLLInst_0 )
   Number of Clock Enables:  19
     Net wr_en: 1 loads, 0 LSLICEs
     Net Rst_L_N_940: 15 loads, 15 LSLICEs
     Net o_ws_c_enable_38: 1 loads, 1 LSLICEs
     Net subMean_left_valid: 10 loads, 8 LSLICEs
     Net ste1/o_ws_c_enable_39: 16 loads, 16 LSLICEs
     Net o_ws_c_enable_45: 3 loads, 3 LSLICEs
     Net subMean1/r1/pe_N_903: 1 loads, 1 LSLICEs
     Net port1/i2s_rx_inst/ws_reg_i: 16 loads, 16 LSLICEs
     Net port1/i2s_rx_inst/o_sck_N_112_enable_1: 1 loads, 1 LSLICEs
     Net zcr1/o_ws_c_enable_40: 1 loads, 1 LSLICEs
     Net zcr1/o_ws_c_enable_48: 3 loads, 3 LSLICEs
     Net zcr1/o_ws_c_enable_25: 1 loads, 1 LSLICEs
     Net zcr1/o_ws_c_enable_30: 2 loads, 2 LSLICEs
     Net zcr1/o_ws_c_enable_41: 1 loads, 1 LSLICEs
     Net zcr1/o_ws_c_enable_42: 1 loads, 1 LSLICEs
     Net zcr1/o_ws_c_enable_51: 2 loads, 2 LSLICEs
     Net zcr1/o_ws_c_enable_43: 1 loads, 1 LSLICEs
     Net zcr1/o_ws_c_enable_44: 1 loads, 1 LSLICEs
     Net zcr1/o_ws_c_enable_46: 1 loads, 1 LSLICEs
   Number of local set/reset loads for net Rst_L_N_940 merged into GSR:  235
   Number of LSRs:  3
     Net rst_n_N_100: 2 loads, 0 LSLICEs
     Net Rst_L_N_940: 2 loads, 0 LSLICEs
     Net n980: 13 loads, 13 LSLICEs
   Number of nets driven by tri-state buffers:  0
   Top 10 highest fanout non-clock nets:
     Net horizontal_out_c_10: 56 loads
     Net horizontal_out_c_11: 55 loads
     Net horizontal_out_c_9: 54 loads
     Net window_count_3_adj_1466: 54 loads
     Net horizontal_out_c_13: 52 loads
     Net subMean_left_valid: 37 loads
     Net ste1/n4_adj_1461: 28 loads
     Net horizontal_out_c_14: 27 loads
     Net window_count_3: 26 loads
     Net horizontal_out_c_12: 24 loads
 

   Number of warnings:  4
   Number of errors:    0



Total CPU Time: 0 secs  
Total REAL Time: 2 secs  
Peak Memory Usage: 61 MB

Dumping design to file i2s_small_impl1_map.ncd.

ncd2vdb "i2s_small_impl1_map.ncd" ".vdbs/i2s_small_impl1_map.vdb"

Loading device for application ncd2vdb from file 'xo3c6900.nph' in environment: C:/lscc/diamond/3.9_x64/ispfpga.
