Running in Lattice mode


Starting:    C:\lscc\diamond\3.9_x64\synpbase\bin64\mbin\synbatch.exe
Install:     C:\lscc\diamond\3.9_x64\synpbase
Hostname:    DUSHYANT
Date:        Sun Mar 26 14:54:14 2017
Version:     L-2016.09L

Arguments:   -product synplify_pro -batch i2s_small_impl1_synplify.tcl
ProductType: synplify_pro





Technology initialized from device list to: LATTICE-XP

log file: "C:\Users\SEC29\Desktop\i2s_iot\impl1\i2s_small_impl1.srr"

Running: impl1 in foreground



Running proj_1|impl1


Running: compile (Compile) on proj_1|impl1
# Sun Mar 26 14:54:14 2017


Running: compile_flow (Compile Process) on proj_1|impl1
# Sun Mar 26 14:54:14 2017


Running: compiler (Compile Input) on proj_1|impl1
# Sun Mar 26 14:54:14 2017

Copied C:\Users\SEC29\Desktop\i2s_iot\impl1\synwork\i2s_small_impl1_comp.srs to C:\Users\SEC29\Desktop\i2s_iot\impl1\i2s_small_impl1.srs


compiler completed
# Sun Mar 26 14:54:16 2017

Return Code: 0
Run Time:00h:00m:02s


Running: multi_srs_gen (Multi-srs Generator) on proj_1|impl1
# Sun Mar 26 14:54:16 2017


multi_srs_gen completed
# Sun Mar 26 14:54:16 2017

Return Code: 0
Run Time:00h:00m:00s

Copied C:\Users\SEC29\Desktop\i2s_iot\impl1\synwork\i2s_small_impl1_mult.srs to C:\Users\SEC29\Desktop\i2s_iot\impl1\i2s_small_impl1.srs

Copied C:\Users\SEC29\Desktop\i2s_iot\impl1\i2s_small_impl1.srr to C:\Users\SEC29\Desktop\i2s_iot\impl1\i2s_small_impl1.srf

Complete: Compile Process on proj_1|impl1


Running: premap (Pre-mapping) on proj_1|impl1
# Sun Mar 26 14:54:16 2017


premap completed with warnings
# Sun Mar 26 14:54:17 2017

Return Code: 1
Run Time:00h:00m:01s

Complete: Compile on proj_1|impl1


Running: map (Map) on proj_1|impl1
# Sun Mar 26 14:54:17 2017

License granted for 4 parallel jobs


Running: fpga_mapper (Map & Optimize) on proj_1|impl1
# Sun Mar 26 14:54:17 2017

Copied C:\Users\SEC29\Desktop\i2s_iot\impl1\synwork\i2s_small_impl1_m.srm to C:\Users\SEC29\Desktop\i2s_iot\impl1\i2s_small_impl1.srm


fpga_mapper completed with warnings
# Sun Mar 26 14:54:21 2017

Return Code: 1
Run Time:00h:00m:04s

Complete: Map on proj_1|impl1

Copied C:\Users\SEC29\Desktop\i2s_iot\impl1\i2s_small_impl1.srr to C:\Users\SEC29\Desktop\i2s_iot\impl1\i2s_small_impl1.srf

Complete: Logic Synthesis on proj_1|impl1

TCL script complete: "i2s_small_impl1_synplify.tcl"

exit status=0

exit status=0

Save changes for project:
C:\Users\SEC29\Desktop\i2s_iot\impl1\proj_1.prj

batch mode default:no

