SCUBA, Version Diamond (64-bit) 3.9.0.99.2
Wed Apr 12 10:43:43 2017
  
Copyright (c) 1991-1994 by NeoCAD Inc. All rights reserved.
Copyright (c) 1995 AT&T Corp.   All rights reserved.
Copyright (c) 1995-2001 Lucent Technologies Inc.  All rights reserved.
Copyright (c) 2001 Agere Systems   All rights reserved.
Copyright (c) 2002-2017 Lattice Semiconductor Corporation,  All rights reserved.
  
BEGIN SCUBA Module Synthesis
  
    Issued command   : C:\lscc\diamond\3.9_x64\ispfpga\bin\nt64\scuba.exe -w -n pll2 -lang verilog -synth lse -arch xo3c00a -type pll -fin 16.63 -fclkop 33.26 -fclkop_tol 0.0 -fclkos 5.543333 -fclkos_tol 0.2 -fclkos2 33.26 -fclkos2_tol 0.0 -trimp 0 -phasep 0 -trimp_r -trims 0 -phases 0 -trims_r -phases2 0 -phase_cntl STATIC -rst -fb_mode 1 -lock 
    Circuit name     : pll2
    Module type      : pll
    Module Version   : 5.7
    Ports            : 
    Inputs       : CLKI, RST
    Outputs      : CLKOP, CLKOS, CLKOS2, LOCK
    I/O buffer       : not inserted
    EDIF output      : pll2.edn
    Verilog output   : pll2.v
    Verilog template : pll2_tmpl.v
    Verilog purpose  : for synthesis and simulation
    Bus notation     : big endian
    Report output    : pll2.srp
    Estimated Resource Usage:
  
END   SCUBA Module Synthesis

