C:\lscc\diamond\3.8_x64\synpbase\bin64\c_hdl.exe  -osyn  D:\UIUC\2017_Spring\ECE_396\IoT_competition\impl1\synwork\i2s_small_impl1_comp.srs  -top  top  -hdllog  D:\UIUC\2017_Spring\ECE_396\IoT_competition\impl1\synlog\i2s_small_impl1_compiler.srr  -encrypt  -mp  4  -verilog  -prodtype  synplify_pro  -dspmac -fixsmult -infer_seqShift -nram -sdff_counter -divnmod -nostructver   -I D:\UIUC\2017_Spring\ECE_396\IoT_competition  -I D:\UIUC\2017_Spring\ECE_396\IoT_competition\impl1\  -I C:\lscc\diamond\3.8_x64\synpbase\lib   -v2001  -devicelib  C:\lscc\diamond\3.8_x64\synpbase\lib\lucent\machxo3l.v  -devicelib  C:\lscc\diamond\3.8_x64\synpbase\lib\lucent\pmi_def.v  -encrypt  -pro  -dmgen  D:\UIUC\2017_Spring\ECE_396\IoT_competition\impl1\dm  -ui -fid2 -ram -sharing on -ll 2000 -autosm  -D_MULTIPLE_FILE_COMPILATION_UNIT_  -lib work D:\UIUC\2017_Spring\ECE_396\IoT_competition\RD1171\source\Verilog\I2S_Controller.v -lib work D:\UIUC\2017_Spring\ECE_396\IoT_competition\RD1171\source\Verilog\i2s_rx.v -lib work D:\UIUC\2017_Spring\ECE_396\IoT_competition\pll1.v -lib work D:\UIUC\2017_Spring\ECE_396\IoT_competition\top.v -lib work D:\UIUC\2017_Spring\ECE_396\IoT_competition\fifo_left.v -lib work D:\UIUC\2017_Spring\ECE_396\IoT_competition\fifo_right.v -lib work D:\UIUC\2017_Spring\ECE_396\IoT_competition\zcr.v -lib work D:\UIUC\2017_Spring\ECE_396\IoT_competition\squares.v -lib work D:\UIUC\2017_Spring\ECE_396\IoT_competition\ste.v -lib work D:\UIUC\2017_Spring\ECE_396\IoT_competition\submean2.v -lib work D:\UIUC\2017_Spring\ECE_396\IoT_competition\fifo_submean.v -lib work D:\UIUC\2017_Spring\ECE_396\IoT_competition\rising_edge_det.v -lib work D:\UIUC\2017_Spring\ECE_396\IoT_competition\clkdiv.v -lib work D:\UIUC\2017_Spring\ECE_396\IoT_competition\char_cntrl.v -lib work D:\UIUC\2017_Spring\ECE_396\IoT_competition\beam_forming.v 
rc:0 success:1 runtime:2
file:D:\UIUC\2017_Spring\ECE_396\IoT_competition\impl1\synwork\i2s_small_impl1_comp.srs|io:o|time:1490654443|size:41810|exec:0
file:D:\UIUC\2017_Spring\ECE_396\IoT_competition\impl1\synlog\i2s_small_impl1_compiler.srr|io:o|time:1490654443|size:88862|exec:0
file:C:\lscc\diamond\3.8_x64\synpbase\lib\lucent\machxo3l.v|io:i|time:1467788026|size:53334|exec:0
file:C:\lscc\diamond\3.8_x64\synpbase\lib\lucent\pmi_def.v|io:i|time:1467788026|size:40584|exec:0
file:D:\UIUC\2017_Spring\ECE_396\IoT_competition\RD1171\source\Verilog\I2S_Controller.v|io:i|time:1488830396|size:2094|exec:0
file:D:\UIUC\2017_Spring\ECE_396\IoT_competition\RD1171\source\Verilog\i2s_rx.v|io:i|time:1488396134|size:5901|exec:0
file:D:\UIUC\2017_Spring\ECE_396\IoT_competition\pll1.v|io:i|time:1488929240|size:4686|exec:0
file:D:\UIUC\2017_Spring\ECE_396\IoT_competition\top.v|io:i|time:1490627999|size:5052|exec:0
file:D:\UIUC\2017_Spring\ECE_396\IoT_competition\fifo_left.v|io:i|time:1489017938|size:2731|exec:0
file:D:\UIUC\2017_Spring\ECE_396\IoT_competition\fifo_right.v|io:i|time:1488845684|size:4332|exec:0
file:D:\UIUC\2017_Spring\ECE_396\IoT_competition\zcr.v|io:i|time:1490629238|size:1438|exec:0
file:D:\UIUC\2017_Spring\ECE_396\IoT_competition\squares.v|io:i|time:1488559242|size:7863|exec:0
file:D:\UIUC\2017_Spring\ECE_396\IoT_competition\ste.v|io:i|time:1490630073|size:1218|exec:0
file:D:\UIUC\2017_Spring\ECE_396\IoT_competition\submean2.v|io:i|time:1489085748|size:1056|exec:0
file:D:\UIUC\2017_Spring\ECE_396\IoT_competition\fifo_submean.v|io:i|time:1489085736|size:2808|exec:0
file:D:\UIUC\2017_Spring\ECE_396\IoT_competition\rising_edge_det.v|io:i|time:1488843970|size:311|exec:0
file:D:\UIUC\2017_Spring\ECE_396\IoT_competition\clkdiv.v|io:i|time:1488949174|size:548|exec:0
file:D:\UIUC\2017_Spring\ECE_396\IoT_competition\char_cntrl.v|io:i|time:1489017968|size:861|exec:0
file:D:\UIUC\2017_Spring\ECE_396\IoT_competition\beam_forming.v|io:i|time:1490654440|size:4302|exec:0
file:C:\lscc\diamond\3.8_x64\synpbase\bin\c_hdl.exe|io:i|time:1467788024|size:1320448|exec:1
file:C:\lscc\diamond\3.8_x64\synpbase\bin64\c_hdl.exe|io:i|time:1467788224|size:1950208|exec:1
