--------------------------------------------------------------------------------
Lattice Synthesis Timing Report, Version  
Sat Feb 25 16:55:26 2017

Copyright (c) 1991-1994 by NeoCAD Inc. All rights reserved.
Copyright (c) 1995 AT&T Corp.   All rights reserved.
Copyright (c) 1995-2001 Lucent Technologies Inc.  All rights reserved.
Copyright (c) 2001 Agere Systems   All rights reserved.
Copyright (c) 2002-2014 Lattice Semiconductor Corporation,  All rights reserved.

Report Information
------------------
Design:     I2S_Controller
Constraint file:  
Report level:    verbose report, limited to 3 items per constraint
--------------------------------------------------------------------------------



================================================================================
Constraint: create_clock -period 5.000000 -name clk0 [get_nets o_sck_adj]
            320 items scored, 0 timing errors detected.
--------------------------------------------------------------------------------


Passed:  The following path meets requirements by 0.363ns

 Logical Details:  Cell type  Pin type       Cell name  (clock net +/-)

   Source:         FD1S3AX    CK             \i2s_rx_inst/right_data_ones_compl_i_i0  (from o_sck_adj +)
   Destination:    OFS1P3DX   D              \i2s_rx_inst/right_data_twos_compl_i_i16  (to o_sck_adj +)

   Delay:                   4.436ns  (60.9% logic, 39.1% route), 10 logic levels.

 Constraint Details:

      4.436ns data_path \i2s_rx_inst/right_data_ones_compl_i_i0 to \i2s_rx_inst/right_data_twos_compl_i_i16 meets
      5.000ns delay constraint less
      0.201ns I_S requirement (totaling 4.799ns) by 0.363ns

 Path Details: \i2s_rx_inst/right_data_ones_compl_i_i0 to \i2s_rx_inst/right_data_twos_compl_i_i16

   Name    Fanout   Delay (ns)          Pins               Resource(Cell.Net)
L_CO        ---     0.403             CK to Q              \i2s_rx_inst/right_data_ones_compl_i_i0 (from o_sck_adj)
Route         1   e 0.788                                  \i2s_rx_inst/right_data_ones_compl_i[0]
A1_TO_FCO   ---     0.752           A[2] to COUT           \i2s_rx_inst/add_29_1
Route         1   e 0.020                                  \i2s_rx_inst/n193
FCI_TO_FCO  ---     0.143            CIN to COUT           \i2s_rx_inst/add_29_3
Route         1   e 0.020                                  \i2s_rx_inst/n194
FCI_TO_FCO  ---     0.143            CIN to COUT           \i2s_rx_inst/add_29_5
Route         1   e 0.020                                  \i2s_rx_inst/n195
FCI_TO_FCO  ---     0.143            CIN to COUT           \i2s_rx_inst/add_29_7
Route         1   e 0.020                                  \i2s_rx_inst/n196
FCI_TO_FCO  ---     0.143            CIN to COUT           \i2s_rx_inst/add_29_9
Route         1   e 0.020                                  \i2s_rx_inst/n197
FCI_TO_FCO  ---     0.143            CIN to COUT           \i2s_rx_inst/add_29_11
Route         1   e 0.020                                  \i2s_rx_inst/n198
FCI_TO_FCO  ---     0.143            CIN to COUT           \i2s_rx_inst/add_29_13
Route         1   e 0.020                                  \i2s_rx_inst/n199
FCI_TO_FCO  ---     0.143            CIN to COUT           \i2s_rx_inst/add_29_15
Route         1   e 0.020                                  \i2s_rx_inst/n200
FCI_TO_F    ---     0.544            CIN to S[2]           \i2s_rx_inst/add_29_17
Route         1   e 0.788                                  \i2s_rx_inst/n193_adj_1
                  --------
                    4.436  (60.9% logic, 39.1% route), 10 logic levels.


Passed:  The following path meets requirements by 0.363ns

 Logical Details:  Cell type  Pin type       Cell name  (clock net +/-)

   Source:         FD1S3AX    CK             \i2s_rx_inst/left_data_ones_compl_i_i0  (from o_sck_adj +)
   Destination:    OFS1P3DX   D              \i2s_rx_inst/left_data_twos_compl_i_i16  (to o_sck_adj +)

   Delay:                   4.436ns  (60.9% logic, 39.1% route), 10 logic levels.

 Constraint Details:

      4.436ns data_path \i2s_rx_inst/left_data_ones_compl_i_i0 to \i2s_rx_inst/left_data_twos_compl_i_i16 meets
      5.000ns delay constraint less
      0.201ns I_S requirement (totaling 4.799ns) by 0.363ns

 Path Details: \i2s_rx_inst/left_data_ones_compl_i_i0 to \i2s_rx_inst/left_data_twos_compl_i_i16

   Name    Fanout   Delay (ns)          Pins               Resource(Cell.Net)
L_CO        ---     0.403             CK to Q              \i2s_rx_inst/left_data_ones_compl_i_i0 (from o_sck_adj)
Route         1   e 0.788                                  \i2s_rx_inst/left_data_ones_compl_i[0]
A1_TO_FCO   ---     0.752           A[2] to COUT           \i2s_rx_inst/add_25_1
Route         1   e 0.020                                  \i2s_rx_inst/n185
FCI_TO_FCO  ---     0.143            CIN to COUT           \i2s_rx_inst/add_25_3
Route         1   e 0.020                                  \i2s_rx_inst/n186
FCI_TO_FCO  ---     0.143            CIN to COUT           \i2s_rx_inst/add_25_5
Route         1   e 0.020                                  \i2s_rx_inst/n187
FCI_TO_FCO  ---     0.143            CIN to COUT           \i2s_rx_inst/add_25_7
Route         1   e 0.020                                  \i2s_rx_inst/n188
FCI_TO_FCO  ---     0.143            CIN to COUT           \i2s_rx_inst/add_25_9
Route         1   e 0.020                                  \i2s_rx_inst/n189
FCI_TO_FCO  ---     0.143            CIN to COUT           \i2s_rx_inst/add_25_11
Route         1   e 0.020                                  \i2s_rx_inst/n190
FCI_TO_FCO  ---     0.143            CIN to COUT           \i2s_rx_inst/add_25_13
Route         1   e 0.020                                  \i2s_rx_inst/n191
FCI_TO_FCO  ---     0.143            CIN to COUT           \i2s_rx_inst/add_25_15
Route         1   e 0.020                                  \i2s_rx_inst/n192
FCI_TO_F    ---     0.544            CIN to S[2]           \i2s_rx_inst/add_25_17
Route         1   e 0.788                                  \i2s_rx_inst/n124
                  --------
                    4.436  (60.9% logic, 39.1% route), 10 logic levels.


Passed:  The following path meets requirements by 0.526ns

 Logical Details:  Cell type  Pin type       Cell name  (clock net +/-)

   Source:         FD1S3AX    CK             \i2s_rx_inst/right_data_ones_compl_i_i0  (from o_sck_adj +)
   Destination:    OFS1P3DX   D              \i2s_rx_inst/right_data_twos_compl_i_i14  (to o_sck_adj +)

   Delay:                   4.273ns  (59.8% logic, 40.2% route), 9 logic levels.

 Constraint Details:

      4.273ns data_path \i2s_rx_inst/right_data_ones_compl_i_i0 to \i2s_rx_inst/right_data_twos_compl_i_i14 meets
      5.000ns delay constraint less
      0.201ns I_S requirement (totaling 4.799ns) by 0.526ns

 Path Details: \i2s_rx_inst/right_data_ones_compl_i_i0 to \i2s_rx_inst/right_data_twos_compl_i_i14

   Name    Fanout   Delay (ns)          Pins               Resource(Cell.Net)
L_CO        ---     0.403             CK to Q              \i2s_rx_inst/right_data_ones_compl_i_i0 (from o_sck_adj)
Route         1   e 0.788                                  \i2s_rx_inst/right_data_ones_compl_i[0]
A1_TO_FCO   ---     0.752           A[2] to COUT           \i2s_rx_inst/add_29_1
Route         1   e 0.020                                  \i2s_rx_inst/n193
FCI_TO_FCO  ---     0.143            CIN to COUT           \i2s_rx_inst/add_29_3
Route         1   e 0.020                                  \i2s_rx_inst/n194
FCI_TO_FCO  ---     0.143            CIN to COUT           \i2s_rx_inst/add_29_5
Route         1   e 0.020                                  \i2s_rx_inst/n195
FCI_TO_FCO  ---     0.143            CIN to COUT           \i2s_rx_inst/add_29_7
Route         1   e 0.020                                  \i2s_rx_inst/n196
FCI_TO_FCO  ---     0.143            CIN to COUT           \i2s_rx_inst/add_29_9
Route         1   e 0.020                                  \i2s_rx_inst/n197
FCI_TO_FCO  ---     0.143            CIN to COUT           \i2s_rx_inst/add_29_11
Route         1   e 0.020                                  \i2s_rx_inst/n198
FCI_TO_FCO  ---     0.143            CIN to COUT           \i2s_rx_inst/add_29_13
Route         1   e 0.020                                  \i2s_rx_inst/n199
FCI_TO_F    ---     0.544            CIN to S[2]           \i2s_rx_inst/add_29_15
Route         1   e 0.788                                  \i2s_rx_inst/n195_adj_7
                  --------
                    4.273  (59.8% logic, 40.2% route), 9 logic levels.

Report: 4.637 ns is the maximum delay for this constraint.


Timing Report Summary
--------------
--------------------------------------------------------------------------------
Constraint                              |   Constraint|       Actual|Levels
--------------------------------------------------------------------------------
                                        |             |             |
create_clock -period 5.000000 -name     |             |             |
clk0 [get_nets o_sck_adj]               |     5.000 ns|     4.637 ns|    10  
                                        |             |             |
--------------------------------------------------------------------------------


All constraints were met.



Timing summary:
---------------

Timing errors: 0  Score: 0

Constraints cover  339 paths, 118 nets, and 133 connections (47.7% coverage)


Peak memory: 43786240 bytes, TRCE: 1613824 bytes, DLYMAN: 110592 bytes
CPU_TIME_REPORT: 0 secs 
