
edif2ngd  -l "MachXO3L" -d LCMXO3L-6900C -path "D:/UIUC/2017_Spring/ECE_396/beamforming - Copy/impl1" -path "D:/UIUC/2017_Spring/ECE_396/beamforming - Copy"   "D:/UIUC/2017_Spring/ECE_396/beamforming - Copy/impl1/i2s_small_impl1.edi" "i2s_small_impl1.ngo"   
edif2ngd:  version Diamond (64-bit) 3.8.0.115.3

Copyright (c) 1991-1994 by NeoCAD Inc. All rights reserved.
Copyright (c) 1995 AT&T Corp.   All rights reserved.
Copyright (c) 1995-2001 Lucent Technologies Inc.  All rights reserved.
Copyright (c) 2001 Agere Systems   All rights reserved.
Copyright (c) 2002-2016 Lattice Semiconductor Corporation,  All rights reserved.
    <postMsg mid="1121028" type="Warning" dynamic="1" navigation="0" arg0="window_size"  />
    <postMsg mid="1121028" type="Warning" dynamic="1" navigation="0" arg0="window_size"  />
    <postMsg mid="1121028" type="Warning" dynamic="1" navigation="0" arg0="threshold"  />
    <postMsg mid="1121028" type="Warning" dynamic="1" navigation="0" arg0="window_size"  />
    <postMsg mid="1121028" type="Warning" dynamic="1" navigation="0" arg0="window_size"  />
    <postMsg mid="1121028" type="Warning" dynamic="1" navigation="0" arg0="ACTIVE"  />
Writing the design to i2s_small_impl1.ngo...

Total CPU Time: 0 secs  

Total REAL Time: 0 secs  


ngdbuild  -a "MachXO3L" -d LCMXO3L-6900C  -p "C:/lscc/diamond/3.8_x64/ispfpga/xo3c00a/data"  -p "D:/UIUC/2017_Spring/ECE_396/beamforming - Copy/impl1" -p "D:/UIUC/2017_Spring/ECE_396/beamforming - Copy"  "i2s_small_impl1.ngo" "i2s_small_impl1.ngd"  	
ngdbuild:  version Diamond (64-bit) 3.8.0.115.3

Copyright (c) 1991-1994 by NeoCAD Inc. All rights reserved.
Copyright (c) 1995 AT&T Corp.   All rights reserved.
Copyright (c) 1995-2001 Lucent Technologies Inc.  All rights reserved.
Copyright (c) 2001 Agere Systems   All rights reserved.
Copyright (c) 2002-2016 Lattice Semiconductor Corporation,  All rights reserved.
Reading 'i2s_small_impl1.ngo' ...
Loading NGL library 'C:/lscc/diamond/3.8_x64/ispfpga/xo2c00a/data/xo2alib.ngl'...
Loading NGL library 'C:/lscc/diamond/3.8_x64/ispfpga/xo2c00/data/xo2clib.ngl'...
Loading NGL library 'C:/lscc/diamond/3.8_x64/ispfpga/mg5g00/data/mg5glib.ngl'...
Loading NGL library 'C:/lscc/diamond/3.8_x64/ispfpga/or5g00/data/orc5glib.ngl'...


Running DRC...

    <postMsg mid="1166052" type="Warning" dynamic="2" navigation="1" arg0="logical" arg1="port2/i2s_rx_inst/un1_right_data_twos_compl_i_s_15_0_COUT_0" arg2="port2/i2s_rx_inst/un1_right_data_twos_compl_i_s_15_0_COUT_0"  />
    <postMsg mid="1166052" type="Warning" dynamic="2" navigation="1" arg0="logical" arg1="port2/i2s_rx_inst/un1_right_data_twos_compl_i_s_15_0_S1_0" arg2="port2/i2s_rx_inst/un1_right_data_twos_compl_i_s_15_0_S1_0"  />
    <postMsg mid="1166052" type="Warning" dynamic="2" navigation="1" arg0="logical" arg1="port2/i2s_rx_inst/un1_right_data_twos_compl_i_cry_0_0_S0_0" arg2="port2/i2s_rx_inst/un1_right_data_twos_compl_i_cry_0_0_S0_0"  />
    <postMsg mid="1166052" type="Warning" dynamic="2" navigation="1" arg0="logical" arg1="port2/i2s_rx_inst/un1_right_data_twos_compl_i_cry_0_0_S1_0" arg2="port2/i2s_rx_inst/un1_right_data_twos_compl_i_cry_0_0_S1_0"  />
    <postMsg mid="1166052" type="Warning" dynamic="2" navigation="1" arg0="logical" arg1="port2/i2s_rx_inst/un1_left_data_twos_compl_i_s_15_0_COUT" arg2="port2/i2s_rx_inst/un1_left_data_twos_compl_i_s_15_0_COUT"  />
    <postMsg mid="1166052" type="Warning" dynamic="2" navigation="1" arg0="logical" arg1="port2/i2s_rx_inst/un1_left_data_twos_compl_i_s_15_0_S1" arg2="port2/i2s_rx_inst/un1_left_data_twos_compl_i_s_15_0_S1"  />
    <postMsg mid="1166052" type="Warning" dynamic="2" navigation="1" arg0="logical" arg1="port2/i2s_rx_inst/un1_left_data_twos_compl_i_cry_0_0_S0" arg2="port2/i2s_rx_inst/un1_left_data_twos_compl_i_cry_0_0_S0"  />
    <postMsg mid="1166052" type="Warning" dynamic="2" navigation="1" arg0="logical" arg1="port2/i2s_rx_inst/un1_left_data_twos_compl_i_cry_0_0_S1" arg2="port2/i2s_rx_inst/un1_left_data_twos_compl_i_cry_0_0_S1"  />
    <postMsg mid="1166052" type="Warning" dynamic="2" navigation="1" arg0="logical" arg1="port1/i2s_rx_inst/un1_right_data_twos_compl_i_s_15_0_COUT" arg2="port1/i2s_rx_inst/un1_right_data_twos_compl_i_s_15_0_COUT"  />
    <postMsg mid="1166052" type="Warning" dynamic="2" navigation="1" arg0="logical" arg1="port1/i2s_rx_inst/un1_right_data_twos_compl_i_s_15_0_S1" arg2="port1/i2s_rx_inst/un1_right_data_twos_compl_i_s_15_0_S1"  />
    <postMsg mid="1166052" type="Warning" dynamic="2" navigation="1" arg0="logical" arg1="port1/i2s_rx_inst/un1_right_data_twos_compl_i_cry_0_0_S0" arg2="port1/i2s_rx_inst/un1_right_data_twos_compl_i_cry_0_0_S0"  />
    <postMsg mid="1166052" type="Warning" dynamic="2" navigation="1" arg0="logical" arg1="port1/i2s_rx_inst/un1_right_data_twos_compl_i_cry_0_0_S1" arg2="port1/i2s_rx_inst/un1_right_data_twos_compl_i_cry_0_0_S1"  />
    <postMsg mid="1166052" type="Warning" dynamic="2" navigation="1" arg0="logical" arg1="beam_forming1/window_count_cry_0_COUT[5]" arg2="beam_forming1/window_count_cry_0_COUT[5]"  />
    <postMsg mid="1166052" type="Warning" dynamic="2" navigation="1" arg0="logical" arg1="beam_forming1/window_count_cry_0_S0[0]" arg2="beam_forming1/window_count_cry_0_S0[0]"  />
    <postMsg mid="1166052" type="Warning" dynamic="2" navigation="1" arg0="logical" arg1="subMean1/un1_sum_0_s_19_0_COUT" arg2="subMean1/un1_sum_0_s_19_0_COUT"  />
    <postMsg mid="1166052" type="Warning" dynamic="2" navigation="1" arg0="logical" arg1="subMean1/un1_sum_0_s_19_0_S1" arg2="subMean1/un1_sum_0_s_19_0_S1"  />
    <postMsg mid="1166052" type="Warning" dynamic="2" navigation="1" arg0="logical" arg1="subMean1/un1_sum_0_cry_0_0_S0" arg2="subMean1/un1_sum_0_cry_0_0_S0"  />
    <postMsg mid="1166052" type="Warning" dynamic="2" navigation="1" arg0="logical" arg1="subMean1/un1_sum_0_cry_0_0_S1" arg2="subMean1/un1_sum_0_cry_0_0_S1"  />
    <postMsg mid="1166052" type="Warning" dynamic="2" navigation="1" arg0="logical" arg1="subMean1/un2_subMean_out_s_15_0_COUT" arg2="subMean1/un2_subMean_out_s_15_0_COUT"  />
    <postMsg mid="1166052" type="Warning" dynamic="2" navigation="1" arg0="logical" arg1="subMean1/un2_subMean_out_s_15_0_S1" arg2="subMean1/un2_subMean_out_s_15_0_S1"  />
    <postMsg mid="1166052" type="Warning" dynamic="2" navigation="1" arg0="logical" arg1="subMean1/un2_subMean_out_cry_0_0_S0" arg2="subMean1/un2_subMean_out_cry_0_0_S0"  />
    <postMsg mid="1166052" type="Warning" dynamic="2" navigation="1" arg0="logical" arg1="subMean1/un2_subMean_out_cry_0_0_S1" arg2="subMean1/un2_subMean_out_cry_0_0_S1"  />
    <postMsg mid="1166052" type="Warning" dynamic="2" navigation="1" arg0="logical" arg1="ste2/un3_window_count_1_cry_5_0_COUT" arg2="ste2/un3_window_count_1_cry_5_0_COUT"  />
    <postMsg mid="1166052" type="Warning" dynamic="2" navigation="1" arg0="logical" arg1="ste2/un3_window_count_1_cry_0_0_S0" arg2="ste2/un3_window_count_1_cry_0_0_S0"  />
    <postMsg mid="1166052" type="Warning" dynamic="2" navigation="1" arg0="logical" arg1="ste2/un3_window_count_1_cry_0_0_S1" arg2="ste2/un3_window_count_1_cry_0_0_S1"  />
    <postMsg mid="1166052" type="Warning" dynamic="2" navigation="1" arg0="logical" arg1="zcr2/zcr_count_temp_cry_0_COUT[3]" arg2="zcr2/zcr_count_temp_cry_0_COUT[3]"  />
    <postMsg mid="1166052" type="Warning" dynamic="2" navigation="1" arg0="logical" arg1="zcr2/zcr_count_temp_cry_0_S0[0]" arg2="zcr2/zcr_count_temp_cry_0_S0[0]"  />
    <postMsg mid="1166052" type="Warning" dynamic="2" navigation="1" arg0="logical" arg1="f1/un1_counter_cry_5_0_COUT" arg2="f1/un1_counter_cry_5_0_COUT"  />
    <postMsg mid="1166052" type="Warning" dynamic="2" navigation="1" arg0="logical" arg1="f1/un1_counter_cry_0_0_S0" arg2="f1/un1_counter_cry_0_0_S0"  />
    <postMsg mid="1166052" type="Warning" dynamic="2" navigation="1" arg0="logical" arg1="OSCH_inst_SEDSTDBY" arg2="OSCH_inst_SEDSTDBY"  />
    <postMsg mid="1166052" type="Warning" dynamic="2" navigation="1" arg0="logical" arg1="un1_o_left_data2_1_i_i[0]" arg2="un1_o_left_data2_1_i_i[0]"  />
    <postMsg mid="1166052" type="Warning" dynamic="2" navigation="1" arg0="logical" arg1="un1_fifo_in1_cry_0_0_S1" arg2="un1_fifo_in1_cry_0_0_S1"  />
    <postMsg mid="1166052" type="Warning" dynamic="2" navigation="1" arg0="logical" arg1="un1_o_left_data2_1_cry_0_0_S0" arg2="un1_o_left_data2_1_cry_0_0_S0"  />
    <postMsg mid="1166052" type="Warning" dynamic="2" navigation="1" arg0="logical" arg1="un1_o_left_data2_1_s_15_0_S1" arg2="un1_o_left_data2_1_s_15_0_S1"  />
    <postMsg mid="1166052" type="Warning" dynamic="2" navigation="1" arg0="logical" arg1="un1_o_left_data2_1_s_15_0_COUT" arg2="un1_o_left_data2_1_s_15_0_COUT"  />
    <postMsg mid="1166052" type="Warning" dynamic="2" navigation="1" arg0="logical" arg1="un1_fifo_in1_cry_0_0_S0" arg2="un1_fifo_in1_cry_0_0_S0"  />
    <postMsg mid="1166052" type="Warning" dynamic="2" navigation="1" arg0="logical" arg1="un1_fifo_in1_s_15_0_S1" arg2="un1_fifo_in1_s_15_0_S1"  />
    <postMsg mid="1166052" type="Warning" dynamic="2" navigation="1" arg0="logical" arg1="un1_fifo_in1_s_15_0_COUT" arg2="un1_fifo_in1_s_15_0_COUT"  />
    <postMsg mid="1163101" type="Warning" dynamic="1" navigation="0" arg0="38"  />

Design Results:
    963 blocks expanded
Complete the first expansion.
Writing 'i2s_small_impl1.ngd' ...
Total CPU Time: 0 secs  

Total REAL Time: 0 secs  


map -a "MachXO3L" -p LCMXO3L-6900C -t CABGA256 -s 5 -oc Commercial   "i2s_small_impl1.ngd" -o "i2s_small_impl1_map.ncd" -pr "i2s_small_impl1.prf" -mp "i2s_small_impl1.mrp" -lpf "D:/UIUC/2017_Spring/ECE_396/beamforming - Copy/impl1/i2s_small_impl1_synplify.lpf" -lpf "D:/UIUC/2017_Spring/ECE_396/beamforming - Copy/i2s_small.lpf" -c 0            
map:  version Diamond (64-bit) 3.8.0.115.3

Copyright (c) 1991-1994 by NeoCAD Inc. All rights reserved.
Copyright (c) 1995 AT&T Corp.   All rights reserved.
Copyright (c) 1995-2001 Lucent Technologies Inc.  All rights reserved.
Copyright (c) 2001 Agere Systems   All rights reserved.
Copyright (c) 2002-2016 Lattice Semiconductor Corporation,  All rights reserved.
   Process the file: i2s_small_impl1.ngd
   Picdevice="LCMXO3L-6900C"

   Pictype="CABGA256"

   Picspeed=5

   Remove unused logic

   Do not produce over sized NCDs.

Part used: LCMXO3L-6900CCABGA256, Performance used: 5.

Loading device for application map from file 'xo3c6900.nph' in environment: C:/lscc/diamond/3.8_x64/ispfpga.
Package Status:                     Final          Version 1.16.

Running general design DRC...

Removing unused logic...

Optimizing...

6 CCU2 constant inputs absorbed.

    <postMsg mid="51001030" type="Warning" dynamic="1" navigation="0" arg0="un2_i_sys_rst_i_i_o2"  />



Design Summary:
   Number of registers:    361 out of  7485 (5%)
      PFU registers:          335 out of  6864 (5%)
      PIO registers:           26 out of   621 (4%)
   Number of SLICEs:       275 out of  3432 (8%)
      SLICEs as Logic/ROM:    275 out of  3432 (8%)
      SLICEs as RAM:            0 out of  2574 (0%)
      SLICEs as Carry:         80 out of  3432 (2%)
   Number of LUT4s:        537 out of  6864 (8%)
      Number used as logic LUTs:        377
      Number used as distributed RAM:     0
      Number used as ripple logic:      160
      Number used as shift registers:     0
   Number of PIO sites used: 107 + 4(JTAG) out of 207 (54%)
   Number of block RAMs:  4 out of 26 (15%)
   Number of GSRs:  1 out of 1 (100%)
   EFB used :       No
   JTAG used :      No
   Readback used :  No
   Oscillator used :  Yes
   Startup used :   No
   POR :            On
   Bandgap :        On
   Number of Power Controller:  0 out of 1 (0%)
   Number of Dynamic Bank Controller (BCINRD):  0 out of 6 (0%)
   Number of Dynamic Bank Controller (BCLVDSO):  0 out of 1 (0%)
   Number of DCCA:  0 out of 8 (0%)
   Number of DCMA:  0 out of 2 (0%)
   Number of PLLs:  1 out of 2 (50%)
   Number of DQSDLLs:  0 out of 2 (0%)
   Number of CLKDIVC:  0 out of 4 (0%)
   Number of ECLKSYNCA:  0 out of 4 (0%)
   Number of ECLKBRIDGECS:  0 out of 2 (0%)
   Notes:-
      1. Total number of LUT4s = (Number of logic LUT4s) + 2*(Number of distributed RAMs) + 2*(Number of ripple logic)
      2. Number of logic LUT4s does not include count of distributed RAM and ripple logic.
   Number of clocks:  4
     Net osc_clk: 1 loads, 1 rising, 0 falling (Driver: OSCH_inst )
     Net o_sck_c: 3 loads, 3 rising, 0 falling (Driver: div8/clk_track )
     Net fpga_clk: 156 loads, 156 rising, 0 falling (Driver: my_pll/PLLInst_0 )
     Net mclk_c: 88 loads, 88 rising, 0 falling (Driver: my_pll/PLLInst_0 )
   Number of Clock Enables:  80
     Net un2_i_sys_rst_i: 3 loads, 0 LSLICEs
     Net r_reg_RNIOPPB1_0[1]: 56 loads, 54 LSLICEs
     Net beam_forming1/window_count11: 4 loads, 4 LSLICEs
     Net subMean_left_valid_c: 18 loads, 0 LSLICEs
     Net ste2/N_9_i: 1 loads, 1 LSLICEs
     Net rd_en1: 2 loads, 0 LSLICEs
     Net zcr2.zcr_count_1_sqmuxa: 5 loads, 0 LSLICEs
     Net zcr2/N_62: 1 loads, 1 LSLICEs
     Net zcr2/N_54: 1 loads, 1 LSLICEs
     Net zcr2/N_42: 1 loads, 1 LSLICEs
     Net zcr2/N_101: 1 loads, 1 LSLICEs
     Net zcr2/N_99: 1 loads, 1 LSLICEs
     Net zcr2/N_87: 1 loads, 1 LSLICEs
     Net zcr2/N_24: 1 loads, 1 LSLICEs
     Net zcr2/N_59: 1 loads, 1 LSLICEs
     Net zcr2/N_41: 1 loads, 1 LSLICEs
     Net zcr2/N_43: 1 loads, 1 LSLICEs
     Net zcr2/N_45: 1 loads, 1 LSLICEs
     Net zcr2/N_47: 1 loads, 1 LSLICEs
     Net zcr2/N_49: 1 loads, 1 LSLICEs
     Net zcr2/N_51: 1 loads, 1 LSLICEs
     Net zcr2/N_55: 1 loads, 1 LSLICEs
     Net zcr2/N_57: 1 loads, 1 LSLICEs
     Net zcr2/N_61: 1 loads, 1 LSLICEs
     Net zcr2/N_67: 1 loads, 1 LSLICEs
     Net zcr2/N_69: 1 loads, 1 LSLICEs
     Net zcr2/N_71: 1 loads, 1 LSLICEs
     Net zcr2/N_73: 1 loads, 1 LSLICEs
     Net zcr2/N_77: 1 loads, 1 LSLICEs
     Net zcr2/N_79: 1 loads, 1 LSLICEs
     Net zcr2/N_83: 1 loads, 1 LSLICEs
     Net zcr2/N_85: 1 loads, 1 LSLICEs
     Net zcr2/N_26: 1 loads, 1 LSLICEs
     Net zcr2/N_29: 1 loads, 1 LSLICEs
     Net zcr2/N_31: 1 loads, 1 LSLICEs
     Net zcr2/N_38: 1 loads, 1 LSLICEs
     Net zcr2/N_40: 1 loads, 1 LSLICEs
     Net zcr2/N_48: 1 loads, 1 LSLICEs
     Net zcr2/N_52: 1 loads, 1 LSLICEs
     Net zcr2/N_56: 1 loads, 1 LSLICEs
     Net zcr2/N_58: 1 loads, 1 LSLICEs
     Net zcr2/N_66: 1 loads, 1 LSLICEs
     Net zcr2/N_68: 1 loads, 1 LSLICEs
     Net zcr2/N_72: 1 loads, 1 LSLICEs
     Net zcr2/N_82: 1 loads, 1 LSLICEs
     Net zcr2/zcr_window[63]_0_sqmuxa: 1 loads, 1 LSLICEs
     Net zcr2/N_302_i: 2 loads, 2 LSLICEs
     Net zcr2/N_74: 1 loads, 1 LSLICEs
     Net zcr2/N_76: 1 loads, 1 LSLICEs
     Net zcr2/N_95: 1 loads, 1 LSLICEs
     Net zcr2/N_97: 1 loads, 1 LSLICEs
     Net zcr2/N_39: 1 loads, 1 LSLICEs
     Net zcr2/N_22: 1 loads, 1 LSLICEs
     Net zcr2/N_78: 1 loads, 1 LSLICEs
     Net zcr2/N_33: 1 loads, 1 LSLICEs
     Net zcr2/N_80: 1 loads, 1 LSLICEs
     Net zcr2/N_35: 1 loads, 1 LSLICEs
     Net zcr2/N_53: 1 loads, 1 LSLICEs
     Net zcr2/N_44: 1 loads, 1 LSLICEs
     Net zcr2/N_46: 1 loads, 1 LSLICEs
     Net zcr2/N_63: 1 loads, 1 LSLICEs
     Net zcr2/N_50: 1 loads, 1 LSLICEs
     Net zcr2/N_65: 1 loads, 1 LSLICEs
     Net zcr2/N_75: 1 loads, 1 LSLICEs
     Net zcr2/N_60: 1 loads, 1 LSLICEs
     Net zcr2/N_81: 1 loads, 1 LSLICEs
     Net zcr2/N_64: 1 loads, 1 LSLICEs
     Net zcr2/N_103: 1 loads, 1 LSLICEs
     Net zcr2/N_89: 1 loads, 1 LSLICEs
     Net zcr2/N_70: 1 loads, 1 LSLICEs
     Net zcr2/zcr_window[11]_1_sqmuxa_i_0_0: 1 loads, 1 LSLICEs
     Net zcr2/zcr_window[10]_1_sqmuxa_i_0_0: 1 loads, 1 LSLICEs
     Net zcr2/zcr_count_tempe: 3 loads, 3 LSLICEs
     Net wr_en2: 2 loads, 0 LSLICEs
     Net f1/i_sys_rst_i: 1 loads, 1 LSLICEs
     Net o_left_vld: 1 loads, 0 LSLICEs
     Net port2/i2s_rx_inst/left_data_reg_i_cnv[0]: 8 loads, 8 LSLICEs
     Net ws_i_RNI5U2R1: 2 loads, 2 LSLICEs
     Net ws_reg_i_RNID2EK1: 16 loads, 16 LSLICEs
     Net r_reg_RNIOPPB1[1]: 2 loads, 2 LSLICEs
   Number of local set/reset loads for net un2_i_sys_rst_i_i_o2 merged into GSR:  177
   Number of LSRs:  4
     Net rst_c: 1 loads, 0 LSLICEs
     Net i_sys_rst: 91 loads, 86 LSLICEs
     Net un2_i_sys_rst_i_i_o2: 1 loads, 0 LSLICEs
     Net f1/N_11: 4 loads, 4 LSLICEs
   Number of nets driven by tri-state buffers:  0
   Top 10 highest fanout non-clock nets:
     Net i_sys_rst: 92 loads
     Net zcr2/window_count_RNIN31L[6]: 64 loads
     Net zcr2/zcr_window[1]_4[15]: 63 loads
     Net r_reg_RNIOPPB1_0[1]: 57 loads
     Net zcr2/window_count[2]: 52 loads
     Net zcr2/window_count[4]: 52 loads
     Net zcr2/window_count[5]: 52 loads
     Net zcr2/un3lto1: 50 loads
     Net zcr2/window_count[3]: 50 loads
     Net zcr2/un3lto0: 44 loads
 

   Number of warnings:  1
   Number of errors:    0



Total CPU Time: 0 secs  
Total REAL Time: 0 secs  
Peak Memory Usage: 42 MB

Dumping design to file i2s_small_impl1_map.ncd.

trce -f "i2s_small_impl1.mt" -o "i2s_small_impl1.tw1" "i2s_small_impl1_map.ncd" "i2s_small_impl1.prf"
trce:  version Diamond (64-bit) 3.8.0.115.3

Copyright (c) 1991-1994 by NeoCAD Inc. All rights reserved.
Copyright (c) 1995 AT&T Corp.   All rights reserved.
Copyright (c) 1995-2001 Lucent Technologies Inc.  All rights reserved.
Copyright (c) 2001 Agere Systems   All rights reserved.
Copyright (c) 2002-2016 Lattice Semiconductor Corporation,  All rights reserved.

Loading design for application trce from file i2s_small_impl1_map.ncd.
Design name: top
NCD version: 3.3
Vendor:      LATTICE
Device:      LCMXO3L-6900C
Package:     CABGA256
Performance: 5
Loading device for application trce from file 'xo3c6900.nph' in environment: C:/lscc/diamond/3.8_x64/ispfpga.
Package Status:                     Final          Version 1.16.
Performance Hardware Data Status:   Final          Version 36.4.
Setup and Hold Report

--------------------------------------------------------------------------------
Lattice TRACE Report - Setup, Version Diamond (64-bit) 3.8.0.115.3
Tue Apr 04 11:50:58 2017

Copyright (c) 1991-1994 by NeoCAD Inc. All rights reserved.
Copyright (c) 1995 AT&T Corp.   All rights reserved.
Copyright (c) 1995-2001 Lucent Technologies Inc.  All rights reserved.
Copyright (c) 2001 Agere Systems   All rights reserved.
Copyright (c) 2002-2016 Lattice Semiconductor Corporation,  All rights reserved.

Report Information
------------------
Command line:    trce -v 1 -gt -mapchkpnt 0 -sethld -o i2s_small_impl1.tw1 -gui -msgset D:/UIUC/2017_Spring/ECE_396/beamforming - Copy/promote.xml i2s_small_impl1_map.ncd i2s_small_impl1.prf 
Design file:     i2s_small_impl1_map.ncd
Preference file: i2s_small_impl1.prf
Device,speed:    LCMXO3L-6900C,5
Report level:    verbose report, limited to 1 item per preference
--------------------------------------------------------------------------------

BLOCK ASYNCPATHS
BLOCK RESETPATHS
--------------------------------------------------------------------------------



Timing summary (Setup):
---------------

Timing errors: 0  Score: 0
Cumulative negative slack: 0

Constraints cover 5762 paths, 3 nets, and 2063 connections (84.83% coverage)

--------------------------------------------------------------------------------
Lattice TRACE Report - Hold, Version Diamond (64-bit) 3.8.0.115.3
Tue Apr 04 11:50:58 2017

Copyright (c) 1991-1994 by NeoCAD Inc. All rights reserved.
Copyright (c) 1995 AT&T Corp.   All rights reserved.
Copyright (c) 1995-2001 Lucent Technologies Inc.  All rights reserved.
Copyright (c) 2001 Agere Systems   All rights reserved.
Copyright (c) 2002-2016 Lattice Semiconductor Corporation,  All rights reserved.

Report Information
------------------
Command line:    trce -v 1 -gt -mapchkpnt 0 -sethld -o i2s_small_impl1.tw1 -gui -msgset D:/UIUC/2017_Spring/ECE_396/beamforming - Copy/promote.xml i2s_small_impl1_map.ncd i2s_small_impl1.prf 
Design file:     i2s_small_impl1_map.ncd
Preference file: i2s_small_impl1.prf
Device,speed:    LCMXO3L-6900C,M
Report level:    verbose report, limited to 1 item per preference
--------------------------------------------------------------------------------

BLOCK ASYNCPATHS
BLOCK RESETPATHS
--------------------------------------------------------------------------------



Timing summary (Hold):
---------------

Timing errors: 0  Score: 0
Cumulative negative slack: 0

Constraints cover 5762 paths, 3 nets, and 2078 connections (85.44% coverage)



Timing summary (Setup and Hold):
---------------

Timing errors: 0 (setup), 0 (hold)
Score: 0 (setup), 0 (hold)
Cumulative negative slack: 0 (0+0)
--------------------------------------------------------------------------------

--------------------------------------------------------------------------------

Total time: 2 secs 
