Starting process: module

Starting process: 

SCUBA, Version Diamond (64-bit) 3.8.0.115.3
Sat Mar 11 17:25:31 2017

Copyright (c) 1991-1994 by NeoCAD Inc. All rights reserved.
Copyright (c) 1995 AT&T Corp.   All rights reserved.
Copyright (c) 1995-2001 Lucent Technologies Inc.  All rights reserved.
Copyright (c) 2001 Agere Systems   All rights reserved.
Copyright (c) 2002-2016 Lattice Semiconductor Corporation,  All rights reserved.

BEGIN SCUBA Module Synthesis

    Issued command   : C:\lscc\diamond\3.8_x64\ispfpga\bin\nt64\scuba.exe -w -n fifo_beam_forming -lang verilog -synth synplify -bus_exp 7 -bb -arch xo3c00a -type ebfifo -depth 128 -width 16 -rwidth 16 -no_enable -pe 4 -pf 90 
    Circuit name     : fifo_beam_forming
    Module type      : ebfifo
    Module Version   : 5.8
    Ports            : 
	Inputs       : Data[15:0], WrClock, RdClock, WrEn, RdEn, Reset, RPReset
	Outputs      : Q[15:0], Empty, Full, AlmostEmpty, AlmostFull
    I/O buffer       : not inserted
    EDIF output      : fifo_beam_forming.edn
    Verilog output   : fifo_beam_forming.v
    Verilog template : fifo_beam_forming_tmpl.v
    Verilog testbench: tb_fifo_beam_forming_tmpl.v
    Verilog purpose  : for synthesis and simulation
    Bus notation     : big endian
    Report output    : fifo_beam_forming.srp
    Estimated Resource Usage:
            EBR : 1

END   SCUBA Module Synthesis

File: fifo_beam_forming.lpc created.


End process: completed successfully.


Total Warnings:  0

Total Errors:  0


